02-06-2021 22:21:50.740 [Gauge] [DEBUG] Created gauge_screenshots_dir at C:\Users\testinium\IdeaProjects\AppiumOdev\.gauge\screenshots
02-06-2021 22:21:50.751 [Gauge] [DEBUG] Plugin java is already installed.
02-06-2021 22:21:50.752 [Gauge] [DEBUG] Plugin html-report is already installed.
02-06-2021 22:21:50.753 [Gauge] [DEBUG] Parsing started.
02-06-2021 22:21:50.753 [Gauge] [DEBUG] Started concepts parsing.
02-06-2021 22:21:50.762 [Gauge] [ERROR] [ParseError] C:\Users\testinium\IdeaProjects\AppiumOdev\specs\scenarios\FlightReselts.cpt:11 Circular reference found in concept. "Devam Butonuna tıkla" => C:\Users\testinium\IdeaProjects\AppiumOdev\specs\scenarios\FlightReselts.cpt:10 => 'Devam Butonuna tıkla'
02-06-2021 22:21:50.762 [Gauge] [ERROR] [ParseError] C:\Users\testinium\IdeaProjects\AppiumOdev\specs\scenarios\FlightReselts.cpt:10 Circular reference found in concept. "Devam Butonuna tıkla" => C:\Users\testinium\IdeaProjects\AppiumOdev\specs\scenarios\FlightReselts.cpt:11 => 'Devam Butonuna tıkla'
02-06-2021 22:21:50.762 [Gauge] [DEBUG] 9 concepts parsing completed.
02-06-2021 22:21:50.762 [Gauge] [DEBUG] Started specifications parsing.
02-06-2021 22:21:50.764 [Gauge] [DEBUG] 1 specifications parsing completed.
02-06-2021 22:21:50.764 [Gauge] [DEBUG] Parsing completed.
02-06-2021 22:21:50.768 [Gauge] [DEBUG] Staring java runner
02-06-2021 22:21:50.802 [java] [DEBUG] classpath set to C:\Program Files\Java\jdk1.8.0_291\jre\lib\charsets.jar;C:\Program Files\Java\jdk1.8.0_291\jre\lib\deploy.jar;C:\Program Files\Java\jdk1.8.0_291\jre\lib\ext\access-bridge-64.jar;C:\Program Files\Java\jdk1.8.0_291\jre\lib\ext\cldrdata.jar;C:\Program Files\Java\jdk1.8.0_291\jre\lib\ext\dnsns.jar;C:\Program Files\Java\jdk1.8.0_291\jre\lib\ext\jaccess.jar;C:\Program Files\Java\jdk1.8.0_291\jre\lib\ext\jfxrt.jar;C:\Program Files\Java\jdk1.8.0_291\jre\lib\ext\localedata.jar;C:\Program Files\Java\jdk1.8.0_291\jre\lib\ext\nashorn.jar;C:\Program Files\Java\jdk1.8.0_291\jre\lib\ext\sunec.jar;C:\Program Files\Java\jdk1.8.0_291\jre\lib\ext\sunjce_provider.jar;C:\Program Files\Java\jdk1.8.0_291\jre\lib\ext\sunmscapi.jar;C:\Program Files\Java\jdk1.8.0_291\jre\lib\ext\sunpkcs11.jar;C:\Program Files\Java\jdk1.8.0_291\jre\lib\ext\zipfs.jar;C:\Program Files\Java\jdk1.8.0_291\jre\lib\javaws.jar;C:\Program Files\Java\jdk1.8.0_291\jre\lib\jce.jar;C:\Program Files\Java\jdk1.8.0_291\jre\lib\jfr.jar;C:\Program Files\Java\jdk1.8.0_291\jre\lib\jfxswt.jar;C:\Program Files\Java\jdk1.8.0_291\jre\lib\jsse.jar;C:\Program Files\Java\jdk1.8.0_291\jre\lib\management-agent.jar;C:\Program Files\Java\jdk1.8.0_291\jre\lib\plugin.jar;C:\Program Files\Java\jdk1.8.0_291\jre\lib\resources.jar;C:\Program Files\Java\jdk1.8.0_291\jre\lib\rt.jar;C:\Users\testinium\IdeaProjects\AppiumOdev\target\test-classes;C:\Users\testinium\.m2\repository\com\thoughtworks\gauge\gauge-java\0.6.0\gauge-java-0.6.0.jar;C:\Users\testinium\.m2\repository\org\reflections\reflections\0.9.10\reflections-0.9.10.jar;C:\Users\testinium\.m2\repository\org\javassist\javassist\3.19.0-GA\javassist-3.19.0-GA.jar;C:\Users\testinium\.m2\repository\com\google\code\findbugs\annotations\2.0.1\annotations-2.0.1.jar;C:\Users\testinium\.m2\repository\com\github\javaparser\javaparser-core\2.3.0\javaparser-core-2.3.0.jar;C:\Users\testinium\.m2\repository\org\hamcrest\hamcrest-core\1.3\hamcrest-core-1.3.jar;C:\Users\testinium\.m2\repository\org\hamcrest\hamcrest-library\1.3\hamcrest-library-1.3.jar;C:\Users\testinium\.m2\repository\commons-io\commons-io\2.4\commons-io-2.4.jar;C:\Users\testinium\.m2\repository\commons-lang\commons-lang\2.6\commons-lang-2.6.jar;C:\Users\testinium\.m2\repository\com\google\protobuf\protobuf-java\3.1.0\protobuf-java-3.1.0.jar;C:\Users\testinium\.m2\repository\junit\junit\4.12\junit-4.12.jar;C:\Users\testinium\.m2\repository\io\appium\java-client\7.5.1\java-client-7.5.1.jar;C:\Users\testinium\.m2\repository\org\seleniumhq\selenium\selenium-support\3.141.59\selenium-support-3.141.59.jar;C:\Users\testinium\.m2\repository\org\seleniumhq\selenium\selenium-api\3.141.59\selenium-api-3.141.59.jar;C:\Users\testinium\.m2\repository\org\apache\httpcomponents\httpclient\4.5.13\httpclient-4.5.13.jar;C:\Users\testinium\.m2\repository\org\apache\httpcomponents\httpcore\4.4.13\httpcore-4.4.13.jar;C:\Users\testinium\.m2\repository\commons-logging\commons-logging\1.2\commons-logging-1.2.jar;C:\Users\testinium\.m2\repository\commons-codec\commons-codec\1.11\commons-codec-1.11.jar;C:\Users\testinium\.m2\repository\cglib\cglib\3.3.0\cglib-3.3.0.jar;C:\Users\testinium\.m2\repository\org\ow2\asm\asm\7.1\asm-7.1.jar;C:\Users\testinium\.m2\repository\commons-validator\commons-validator\1.7\commons-validator-1.7.jar;C:\Users\testinium\.m2\repository\commons-beanutils\commons-beanutils\1.9.4\commons-beanutils-1.9.4.jar;C:\Users\testinium\.m2\repository\commons-digester\commons-digester\2.1\commons-digester-2.1.jar;C:\Users\testinium\.m2\repository\commons-collections\commons-collections\3.2.2\commons-collections-3.2.2.jar;C:\Users\testinium\.m2\repository\org\apache\commons\commons-lang3\3.12.0\commons-lang3-3.12.0.jar;C:\Users\testinium\.m2\repository\org\springframework\spring-context\5.3.4\spring-context-5.3.4.jar;C:\Users\testinium\.m2\repository\org\springframework\spring-aop\5.3.4\spring-aop-5.3.4.jar;C:\Users\testinium\.m2\repository\org\springframework\spring-beans\5.3.4\spring-beans-5.3.4.jar;C:\Users\testinium\.m2\repository\org\springframework\spring-core\5.3.4\spring-core-5.3.4.jar;C:\Users\testinium\.m2\repository\org\springframework\spring-jcl\5.3.4\spring-jcl-5.3.4.jar;C:\Users\testinium\.m2\repository\org\springframework\spring-expression\5.3.4\spring-expression-5.3.4.jar;C:\Users\testinium\.m2\repository\org\aspectj\aspectjweaver\1.9.6\aspectjweaver-1.9.6.jar;C:\Users\testinium\.m2\repository\org\slf4j\slf4j-api\1.7.30\slf4j-api-1.7.30.jar;C:\Users\testinium\.m2\repository\org\seleniumhq\selenium\selenium-java\3.141.59\selenium-java-3.141.59.jar;C:\Users\testinium\.m2\repository\org\seleniumhq\selenium\selenium-chrome-driver\3.141.59\selenium-chrome-driver-3.141.59.jar;C:\Users\testinium\.m2\repository\org\seleniumhq\selenium\selenium-edge-driver\3.141.59\selenium-edge-driver-3.141.59.jar;C:\Users\testinium\.m2\repository\org\seleniumhq\selenium\selenium-firefox-driver\3.141.59\selenium-firefox-driver-3.141.59.jar;C:\Users\testinium\.m2\repository\org\seleniumhq\selenium\selenium-ie-driver\3.141.59\selenium-ie-driver-3.141.59.jar;C:\Users\testinium\.m2\repository\org\seleniumhq\selenium\selenium-opera-driver\3.141.59\selenium-opera-driver-3.141.59.jar;C:\Users\testinium\.m2\repository\org\seleniumhq\selenium\selenium-remote-driver\3.141.59\selenium-remote-driver-3.141.59.jar;C:\Users\testinium\.m2\repository\org\seleniumhq\selenium\selenium-safari-driver\3.141.59\selenium-safari-driver-3.141.59.jar;C:\Users\testinium\.m2\repository\net\bytebuddy\byte-buddy\1.8.15\byte-buddy-1.8.15.jar;C:\Users\testinium\.m2\repository\org\apache\commons\commons-exec\1.3\commons-exec-1.3.jar;C:\Users\testinium\.m2\repository\com\google\guava\guava\25.0-jre\guava-25.0-jre.jar;C:\Users\testinium\.m2\repository\com\google\code\findbugs\jsr305\1.3.9\jsr305-1.3.9.jar;C:\Users\testinium\.m2\repository\org\checkerframework\checker-compat-qual\2.0.0\checker-compat-qual-2.0.0.jar;C:\Users\testinium\.m2\repository\com\google\errorprone\error_prone_annotations\2.1.3\error_prone_annotations-2.1.3.jar;C:\Users\testinium\.m2\repository\com\google\j2objc\j2objc-annotations\1.1\j2objc-annotations-1.1.jar;C:\Users\testinium\.m2\repository\org\codehaus\mojo\animal-sniffer-annotations\1.14\animal-sniffer-annotations-1.14.jar;C:\Users\testinium\.m2\repository\com\squareup\okhttp3\okhttp\3.11.0\okhttp-3.11.0.jar;C:\Users\testinium\.m2\repository\com\squareup\okio\okio\1.14.0\okio-1.14.0.jar;C:\Users\testinium\.m2\repository\com\google\code\gson\gson\2.8.5\gson-2.8.5.jar
02-06-2021 22:21:51.019 [Gauge] [DEBUG] Established connection to runner.
02-06-2021 22:21:51.019 [Gauge] [DEBUG] Validation started.
02-06-2021 22:21:51.243 [Gauge] [DEBUG] Checking updates...
02-06-2021 22:21:51.245 [Gauge] [DEBUG] Downloading https://downloads.gauge.org/plugin/flash?l=java&p=flash,html-report,java,screenshot,spectacle,xml-report&o=windows&a=386
02-06-2021 22:21:51.938 [Gauge] [DEBUG] Downloading https://downloads.gauge.org/plugin/html-report?l=java&p=flash,html-report,java,screenshot,spectacle,xml-report&o=windows&a=386
02-06-2021 22:21:52.143 [Gauge] [DEBUG] Downloading https://downloads.gauge.org/plugin/java?l=java&p=flash,html-report,java,screenshot,spectacle,xml-report&o=windows&a=386
02-06-2021 22:21:52.409 [Gauge] [DEBUG] Downloading https://downloads.gauge.org/plugin/screenshot?l=java&p=flash,html-report,java,screenshot,spectacle,xml-report&o=windows&a=386
02-06-2021 22:21:52.657 [Gauge] [DEBUG] Downloading https://downloads.gauge.org/plugin/spectacle?l=java&p=flash,html-report,java,screenshot,spectacle,xml-report&o=windows&a=386
02-06-2021 22:21:52.905 [Gauge] [DEBUG] Downloading https://downloads.gauge.org/plugin/xml-report?l=java&p=flash,html-report,java,screenshot,spectacle,xml-report&o=windows&a=386
02-06-2021 22:21:54.441 [Gauge] [DEBUG] Api Request Received: messageType:GetStepValueRequest messageId:4 stepValueRequest:<stepText:"Book A Flight Butonuna t\304\261kla" > 
02-06-2021 22:21:54.442 [Gauge] [DEBUG] Sending API response: messageType:GetStepValueResponse messageId:4 stepValueResponse:<stepValue:<stepValue:"Book A Flight Butonuna t\304\261kla" parameterizedStepValue:"Book A Flight Butonuna t\304\261kla" > > 
02-06-2021 22:21:54.451 [Gauge] [DEBUG] Api Request Received: messageType:GetStepValueRequest messageId:4 stepValueRequest:<stepText:"U\303\247u\305\237 tarihini se\303\247" > 
02-06-2021 22:21:54.451 [Gauge] [DEBUG] Sending API response: messageType:GetStepValueResponse messageId:4 stepValueResponse:<stepValue:<stepValue:"U\303\247u\305\237 tarihini se\303\247" parameterizedStepValue:"U\303\247u\305\237 tarihini se\303\247" > > 
02-06-2021 22:21:54.452 [Gauge] [DEBUG] Api Request Received: messageType:GetStepValueRequest messageId:4 stepValueRequest:<stepText:"Tek Y\303\266n U\303\247u\305\237 se\303\247" > 
02-06-2021 22:21:54.452 [Gauge] [DEBUG] Sending API response: messageType:GetStepValueResponse messageId:4 stepValueResponse:<stepValue:<stepValue:"Tek Y\303\266n U\303\247u\305\237 se\303\247" parameterizedStepValue:"Tek Y\303\266n U\303\247u\305\237 se\303\247" > > 
02-06-2021 22:21:54.452 [Gauge] [DEBUG] Api Request Received: messageType:GetStepValueRequest messageId:4 stepValueRequest:<stepText:"Done butonuna t\304\261kla" > 
02-06-2021 22:21:54.452 [Gauge] [DEBUG] Sending API response: messageType:GetStepValueResponse messageId:4 stepValueResponse:<stepValue:<stepValue:"Done butonuna t\304\261kla" parameterizedStepValue:"Done butonuna t\304\261kla" > > 
02-06-2021 22:21:54.452 [Gauge] [DEBUG] Api Request Received: messageType:GetStepValueRequest messageId:4 stepValueRequest:<stepText:"U\303\247u\305\237 sayfas\304\261n\304\261 kontrol et" > 
02-06-2021 22:21:54.452 [Gauge] [DEBUG] Sending API response: messageType:GetStepValueResponse messageId:4 stepValueResponse:<stepValue:<stepValue:"U\303\247u\305\237 sayfas\304\261n\304\261 kontrol et" parameterizedStepValue:"U\303\247u\305\237 sayfas\304\261n\304\261 kontrol et" > > 
02-06-2021 22:21:54.452 [Gauge] [DEBUG] Api Request Received: messageType:GetStepValueRequest messageId:4 stepValueRequest:<stepText:"Ekonomik U\303\247u\305\237u se\303\247" > 
02-06-2021 22:21:54.452 [Gauge] [DEBUG] Sending API response: messageType:GetStepValueResponse messageId:4 stepValueResponse:<stepValue:<stepValue:"Ekonomik U\303\247u\305\237u se\303\247" parameterizedStepValue:"Ekonomik U\303\247u\305\237u se\303\247" > > 
02-06-2021 22:21:54.453 [Gauge] [DEBUG] Api Request Received: messageType:GetStepValueRequest messageId:4 stepValueRequest:<stepText:"Gidi\305\237 Y\303\266n\303\274n\303\274 <key> olarak se\303\247" > 
02-06-2021 22:21:54.453 [Gauge] [DEBUG] Sending API response: messageType:GetStepValueResponse messageId:4 stepValueResponse:<stepValue:<stepValue:"Gidi\305\237 Y\303\266n\303\274n\303\274 {} olarak se\303\247" parameterizedStepValue:"Gidi\305\237 Y\303\266n\303\274n\303\274 <key> olarak se\303\247" parameters:"key" > > 
02-06-2021 22:21:54.454 [Gauge] [DEBUG] Api Request Received: messageType:GetStepValueRequest messageId:4 stepValueRequest:<stepText:"Devam Butonuna t\304\261kla" > 
02-06-2021 22:21:54.454 [Gauge] [DEBUG] Sending API response: messageType:GetStepValueResponse messageId:4 stepValueResponse:<stepValue:<stepValue:"Devam Butonuna t\304\261kla" parameterizedStepValue:"Devam Butonuna t\304\261kla" > > 
02-06-2021 22:21:54.454 [Gauge] [DEBUG] Api Request Received: messageType:GetStepValueRequest messageId:4 stepValueRequest:<stepText:"Var\304\261\305\237 yerini <key> olarak se\303\247" > 
02-06-2021 22:21:54.454 [Gauge] [DEBUG] Sending API response: messageType:GetStepValueResponse messageId:4 stepValueResponse:<stepValue:<stepValue:"Var\304\261\305\237 yerini {} olarak se\303\247" parameterizedStepValue:"Var\304\261\305\237 yerini <key> olarak se\303\247" parameters:"key" > > 
02-06-2021 22:21:54.454 [Gauge] [DEBUG] Api Request Received: messageType:GetStepValueRequest messageId:4 stepValueRequest:<stepText:"Ki\305\237i say\304\261s\304\261n\304\261 <key> art\304\261r" > 
02-06-2021 22:21:54.454 [Gauge] [DEBUG] Sending API response: messageType:GetStepValueResponse messageId:4 stepValueResponse:<stepValue:<stepValue:"Ki\305\237i say\304\261s\304\261n\304\261 {} art\304\261r" parameterizedStepValue:"Ki\305\237i say\304\261s\304\261n\304\261 <key> art\304\261r" parameters:"key" > > 
02-06-2021 22:21:54.454 [Gauge] [DEBUG] Api Request Received: messageType:GetStepValueRequest messageId:4 stepValueRequest:<stepText:"<seconds> saniye bekle" > 
02-06-2021 22:21:54.454 [Gauge] [DEBUG] Sending API response: messageType:GetStepValueResponse messageId:4 stepValueResponse:<stepValue:<stepValue:"{} saniye bekle" parameterizedStepValue:"<seconds> saniye bekle" parameters:"seconds" > > 
02-06-2021 22:21:54.455 [Gauge] [DEBUG] Api Request Received: messageType:GetStepValueRequest messageId:4 stepValueRequest:<stepText:"Gidi\305\237 Y\303\266n\303\274n\303\274 se\303\247" > 
02-06-2021 22:21:54.455 [Gauge] [DEBUG] Sending API response: messageType:GetStepValueResponse messageId:4 stepValueResponse:<stepValue:<stepValue:"Gidi\305\237 Y\303\266n\303\274n\303\274 se\303\247" parameterizedStepValue:"Gidi\305\237 Y\303\266n\303\274n\303\274 se\303\247" > > 
02-06-2021 22:21:54.456 [Gauge] [DEBUG] Api Request Received: messageType:GetStepValueRequest messageId:4 stepValueRequest:<stepText:"U\303\247u\305\237 ara" > 
02-06-2021 22:21:54.456 [Gauge] [DEBUG] Sending API response: messageType:GetStepValueResponse messageId:4 stepValueResponse:<stepValue:<stepValue:"U\303\247u\305\237 ara" parameterizedStepValue:"U\303\247u\305\237 ara" > > 
02-06-2021 22:21:54.505 [Gauge] [DEBUG] Validation completed.
02-06-2021 22:21:54.506 [Gauge] [DEBUG] Sending kill message to runner.
02-06-2021 22:21:54.531 [Gauge] [INFO] Closing connection [127.0.0.1:56306] cause: read tcp 127.0.0.1:56300->127.0.0.1:56306: wsarecv: An existing connection was forcibly closed by the remote host.
02-06-2021 22:21:54.706 [Gauge] [DEBUG] Runner with PID:17044 has exited
02-06-2021 22:21:54.707 [Gauge] [INFO] Updates are available. Run `gauge update -c` for more info.
02-06-2021 22:22:39.031 [Gauge] [DEBUG] Created gauge_screenshots_dir at C:\Users\testinium\IdeaProjects\AppiumOdev\.gauge\screenshots
02-06-2021 22:22:39.036 [Gauge] [DEBUG] Plugin java is already installed.
02-06-2021 22:22:39.037 [Gauge] [DEBUG] Plugin html-report is already installed.
02-06-2021 22:22:39.038 [Gauge] [DEBUG] Parsing started.
02-06-2021 22:22:39.038 [Gauge] [DEBUG] Started concepts parsing.
02-06-2021 22:22:39.045 [Gauge] [ERROR] [ParseError] C:\Users\testinium\IdeaProjects\AppiumOdev\specs\scenarios\FlightReselts.cpt:11 Circular reference found in concept. "Devam Butonuna tıkla" => C:\Users\testinium\IdeaProjects\AppiumOdev\specs\scenarios\FlightReselts.cpt:10 => 'Devam Butonuna tıkla'
02-06-2021 22:22:39.045 [Gauge] [ERROR] [ParseError] C:\Users\testinium\IdeaProjects\AppiumOdev\specs\scenarios\FlightReselts.cpt:10 Circular reference found in concept. "Devam Butonuna tıkla" => C:\Users\testinium\IdeaProjects\AppiumOdev\specs\scenarios\FlightReselts.cpt:11 => 'Devam Butonuna tıkla'
02-06-2021 22:22:39.045 [Gauge] [DEBUG] 9 concepts parsing completed.
02-06-2021 22:22:39.045 [Gauge] [DEBUG] Started specifications parsing.
02-06-2021 22:22:39.046 [Gauge] [DEBUG] 1 specifications parsing completed.
02-06-2021 22:22:39.046 [Gauge] [DEBUG] Parsing completed.
02-06-2021 22:22:39.048 [Gauge] [DEBUG] Staring java runner
02-06-2021 22:22:39.080 [java] [DEBUG] classpath set to C:\Program Files\Java\jdk1.8.0_291\jre\lib\charsets.jar;C:\Program Files\Java\jdk1.8.0_291\jre\lib\deploy.jar;C:\Program Files\Java\jdk1.8.0_291\jre\lib\ext\access-bridge-64.jar;C:\Program Files\Java\jdk1.8.0_291\jre\lib\ext\cldrdata.jar;C:\Program Files\Java\jdk1.8.0_291\jre\lib\ext\dnsns.jar;C:\Program Files\Java\jdk1.8.0_291\jre\lib\ext\jaccess.jar;C:\Program Files\Java\jdk1.8.0_291\jre\lib\ext\jfxrt.jar;C:\Program Files\Java\jdk1.8.0_291\jre\lib\ext\localedata.jar;C:\Program Files\Java\jdk1.8.0_291\jre\lib\ext\nashorn.jar;C:\Program Files\Java\jdk1.8.0_291\jre\lib\ext\sunec.jar;C:\Program Files\Java\jdk1.8.0_291\jre\lib\ext\sunjce_provider.jar;C:\Program Files\Java\jdk1.8.0_291\jre\lib\ext\sunmscapi.jar;C:\Program Files\Java\jdk1.8.0_291\jre\lib\ext\sunpkcs11.jar;C:\Program Files\Java\jdk1.8.0_291\jre\lib\ext\zipfs.jar;C:\Program Files\Java\jdk1.8.0_291\jre\lib\javaws.jar;C:\Program Files\Java\jdk1.8.0_291\jre\lib\jce.jar;C:\Program Files\Java\jdk1.8.0_291\jre\lib\jfr.jar;C:\Program Files\Java\jdk1.8.0_291\jre\lib\jfxswt.jar;C:\Program Files\Java\jdk1.8.0_291\jre\lib\jsse.jar;C:\Program Files\Java\jdk1.8.0_291\jre\lib\management-agent.jar;C:\Program Files\Java\jdk1.8.0_291\jre\lib\plugin.jar;C:\Program Files\Java\jdk1.8.0_291\jre\lib\resources.jar;C:\Program Files\Java\jdk1.8.0_291\jre\lib\rt.jar;C:\Users\testinium\IdeaProjects\AppiumOdev\target\test-classes;C:\Users\testinium\.m2\repository\com\thoughtworks\gauge\gauge-java\0.6.0\gauge-java-0.6.0.jar;C:\Users\testinium\.m2\repository\org\reflections\reflections\0.9.10\reflections-0.9.10.jar;C:\Users\testinium\.m2\repository\org\javassist\javassist\3.19.0-GA\javassist-3.19.0-GA.jar;C:\Users\testinium\.m2\repository\com\google\code\findbugs\annotations\2.0.1\annotations-2.0.1.jar;C:\Users\testinium\.m2\repository\com\github\javaparser\javaparser-core\2.3.0\javaparser-core-2.3.0.jar;C:\Users\testinium\.m2\repository\org\hamcrest\hamcrest-core\1.3\hamcrest-core-1.3.jar;C:\Users\testinium\.m2\repository\org\hamcrest\hamcrest-library\1.3\hamcrest-library-1.3.jar;C:\Users\testinium\.m2\repository\commons-io\commons-io\2.4\commons-io-2.4.jar;C:\Users\testinium\.m2\repository\commons-lang\commons-lang\2.6\commons-lang-2.6.jar;C:\Users\testinium\.m2\repository\com\google\protobuf\protobuf-java\3.1.0\protobuf-java-3.1.0.jar;C:\Users\testinium\.m2\repository\junit\junit\4.12\junit-4.12.jar;C:\Users\testinium\.m2\repository\io\appium\java-client\7.5.1\java-client-7.5.1.jar;C:\Users\testinium\.m2\repository\org\seleniumhq\selenium\selenium-support\3.141.59\selenium-support-3.141.59.jar;C:\Users\testinium\.m2\repository\org\seleniumhq\selenium\selenium-api\3.141.59\selenium-api-3.141.59.jar;C:\Users\testinium\.m2\repository\org\apache\httpcomponents\httpclient\4.5.13\httpclient-4.5.13.jar;C:\Users\testinium\.m2\repository\org\apache\httpcomponents\httpcore\4.4.13\httpcore-4.4.13.jar;C:\Users\testinium\.m2\repository\commons-logging\commons-logging\1.2\commons-logging-1.2.jar;C:\Users\testinium\.m2\repository\commons-codec\commons-codec\1.11\commons-codec-1.11.jar;C:\Users\testinium\.m2\repository\cglib\cglib\3.3.0\cglib-3.3.0.jar;C:\Users\testinium\.m2\repository\org\ow2\asm\asm\7.1\asm-7.1.jar;C:\Users\testinium\.m2\repository\commons-validator\commons-validator\1.7\commons-validator-1.7.jar;C:\Users\testinium\.m2\repository\commons-beanutils\commons-beanutils\1.9.4\commons-beanutils-1.9.4.jar;C:\Users\testinium\.m2\repository\commons-digester\commons-digester\2.1\commons-digester-2.1.jar;C:\Users\testinium\.m2\repository\commons-collections\commons-collections\3.2.2\commons-collections-3.2.2.jar;C:\Users\testinium\.m2\repository\org\apache\commons\commons-lang3\3.12.0\commons-lang3-3.12.0.jar;C:\Users\testinium\.m2\repository\org\springframework\spring-context\5.3.4\spring-context-5.3.4.jar;C:\Users\testinium\.m2\repository\org\springframework\spring-aop\5.3.4\spring-aop-5.3.4.jar;C:\Users\testinium\.m2\repository\org\springframework\spring-beans\5.3.4\spring-beans-5.3.4.jar;C:\Users\testinium\.m2\repository\org\springframework\spring-core\5.3.4\spring-core-5.3.4.jar;C:\Users\testinium\.m2\repository\org\springframework\spring-jcl\5.3.4\spring-jcl-5.3.4.jar;C:\Users\testinium\.m2\repository\org\springframework\spring-expression\5.3.4\spring-expression-5.3.4.jar;C:\Users\testinium\.m2\repository\org\aspectj\aspectjweaver\1.9.6\aspectjweaver-1.9.6.jar;C:\Users\testinium\.m2\repository\org\slf4j\slf4j-api\1.7.30\slf4j-api-1.7.30.jar;C:\Users\testinium\.m2\repository\org\seleniumhq\selenium\selenium-java\3.141.59\selenium-java-3.141.59.jar;C:\Users\testinium\.m2\repository\org\seleniumhq\selenium\selenium-chrome-driver\3.141.59\selenium-chrome-driver-3.141.59.jar;C:\Users\testinium\.m2\repository\org\seleniumhq\selenium\selenium-edge-driver\3.141.59\selenium-edge-driver-3.141.59.jar;C:\Users\testinium\.m2\repository\org\seleniumhq\selenium\selenium-firefox-driver\3.141.59\selenium-firefox-driver-3.141.59.jar;C:\Users\testinium\.m2\repository\org\seleniumhq\selenium\selenium-ie-driver\3.141.59\selenium-ie-driver-3.141.59.jar;C:\Users\testinium\.m2\repository\org\seleniumhq\selenium\selenium-opera-driver\3.141.59\selenium-opera-driver-3.141.59.jar;C:\Users\testinium\.m2\repository\org\seleniumhq\selenium\selenium-remote-driver\3.141.59\selenium-remote-driver-3.141.59.jar;C:\Users\testinium\.m2\repository\org\seleniumhq\selenium\selenium-safari-driver\3.141.59\selenium-safari-driver-3.141.59.jar;C:\Users\testinium\.m2\repository\net\bytebuddy\byte-buddy\1.8.15\byte-buddy-1.8.15.jar;C:\Users\testinium\.m2\repository\org\apache\commons\commons-exec\1.3\commons-exec-1.3.jar;C:\Users\testinium\.m2\repository\com\google\guava\guava\25.0-jre\guava-25.0-jre.jar;C:\Users\testinium\.m2\repository\com\google\code\findbugs\jsr305\1.3.9\jsr305-1.3.9.jar;C:\Users\testinium\.m2\repository\org\checkerframework\checker-compat-qual\2.0.0\checker-compat-qual-2.0.0.jar;C:\Users\testinium\.m2\repository\com\google\errorprone\error_prone_annotations\2.1.3\error_prone_annotations-2.1.3.jar;C:\Users\testinium\.m2\repository\com\google\j2objc\j2objc-annotations\1.1\j2objc-annotations-1.1.jar;C:\Users\testinium\.m2\repository\org\codehaus\mojo\animal-sniffer-annotations\1.14\animal-sniffer-annotations-1.14.jar;C:\Users\testinium\.m2\repository\com\squareup\okhttp3\okhttp\3.11.0\okhttp-3.11.0.jar;C:\Users\testinium\.m2\repository\com\squareup\okio\okio\1.14.0\okio-1.14.0.jar;C:\Users\testinium\.m2\repository\com\google\code\gson\gson\2.8.5\gson-2.8.5.jar
02-06-2021 22:22:39.286 [Gauge] [DEBUG] Established connection to runner.
02-06-2021 22:22:39.286 [Gauge] [DEBUG] Validation started.
02-06-2021 22:22:39.465 [Gauge] [DEBUG] Checking updates...
02-06-2021 22:22:39.467 [Gauge] [DEBUG] Downloading https://downloads.gauge.org/plugin/flash?l=java&p=flash,html-report,java,screenshot,spectacle,xml-report&o=windows&a=386
02-06-2021 22:22:40.094 [Gauge] [DEBUG] Downloading https://downloads.gauge.org/plugin/html-report?l=java&p=flash,html-report,java,screenshot,spectacle,xml-report&o=windows&a=386
02-06-2021 22:22:40.266 [Gauge] [DEBUG] Downloading https://downloads.gauge.org/plugin/java?l=java&p=flash,html-report,java,screenshot,spectacle,xml-report&o=windows&a=386
02-06-2021 22:22:40.506 [Gauge] [DEBUG] Downloading https://downloads.gauge.org/plugin/screenshot?l=java&p=flash,html-report,java,screenshot,spectacle,xml-report&o=windows&a=386
02-06-2021 22:22:40.697 [Gauge] [DEBUG] Downloading https://downloads.gauge.org/plugin/spectacle?l=java&p=flash,html-report,java,screenshot,spectacle,xml-report&o=windows&a=386
02-06-2021 22:22:40.939 [Gauge] [DEBUG] Downloading https://downloads.gauge.org/plugin/xml-report?l=java&p=flash,html-report,java,screenshot,spectacle,xml-report&o=windows&a=386
02-06-2021 22:22:42.700 [Gauge] [DEBUG] Api Request Received: messageType:GetStepValueRequest messageId:4 stepValueRequest:<stepText:"Ekonomik U\303\247u\305\237u se\303\247" > 
02-06-2021 22:22:42.702 [Gauge] [DEBUG] Sending API response: messageType:GetStepValueResponse messageId:4 stepValueResponse:<stepValue:<stepValue:"Ekonomik U\303\247u\305\237u se\303\247" parameterizedStepValue:"Ekonomik U\303\247u\305\237u se\303\247" > > 
02-06-2021 22:22:42.714 [Gauge] [DEBUG] Api Request Received: messageType:GetStepValueRequest messageId:4 stepValueRequest:<stepText:"Gidi\305\237 Y\303\266n\303\274n\303\274 <key> olarak se\303\247" > 
02-06-2021 22:22:42.714 [Gauge] [DEBUG] Sending API response: messageType:GetStepValueResponse messageId:4 stepValueResponse:<stepValue:<stepValue:"Gidi\305\237 Y\303\266n\303\274n\303\274 {} olarak se\303\247" parameterizedStepValue:"Gidi\305\237 Y\303\266n\303\274n\303\274 <key> olarak se\303\247" parameters:"key" > > 
02-06-2021 22:22:42.714 [Gauge] [DEBUG] Api Request Received: messageType:GetStepValueRequest messageId:4 stepValueRequest:<stepText:"Book A Flight Butonuna t\304\261kla" > 
02-06-2021 22:22:42.715 [Gauge] [DEBUG] Sending API response: messageType:GetStepValueResponse messageId:4 stepValueResponse:<stepValue:<stepValue:"Book A Flight Butonuna t\304\261kla" parameterizedStepValue:"Book A Flight Butonuna t\304\261kla" > > 
02-06-2021 22:22:42.715 [Gauge] [DEBUG] Api Request Received: messageType:GetStepValueRequest messageId:4 stepValueRequest:<stepText:"Var\304\261\305\237 yerini <key> olarak se\303\247" > 
02-06-2021 22:22:42.715 [Gauge] [DEBUG] Sending API response: messageType:GetStepValueResponse messageId:4 stepValueResponse:<stepValue:<stepValue:"Var\304\261\305\237 yerini {} olarak se\303\247" parameterizedStepValue:"Var\304\261\305\237 yerini <key> olarak se\303\247" parameters:"key" > > 
02-06-2021 22:22:42.716 [Gauge] [DEBUG] Api Request Received: messageType:GetStepValueRequest messageId:4 stepValueRequest:<stepText:"Ki\305\237i say\304\261s\304\261n\304\261 <key> art\304\261r" > 
02-06-2021 22:22:42.717 [Gauge] [DEBUG] Sending API response: messageType:GetStepValueResponse messageId:4 stepValueResponse:<stepValue:<stepValue:"Ki\305\237i say\304\261s\304\261n\304\261 {} art\304\261r" parameterizedStepValue:"Ki\305\237i say\304\261s\304\261n\304\261 <key> art\304\261r" parameters:"key" > > 
02-06-2021 22:22:42.717 [Gauge] [DEBUG] Api Request Received: messageType:GetStepValueRequest messageId:4 stepValueRequest:<stepText:"<seconds> saniye bekle" > 
02-06-2021 22:22:42.717 [Gauge] [DEBUG] Sending API response: messageType:GetStepValueResponse messageId:4 stepValueResponse:<stepValue:<stepValue:"{} saniye bekle" parameterizedStepValue:"<seconds> saniye bekle" parameters:"seconds" > > 
02-06-2021 22:22:42.717 [Gauge] [DEBUG] Api Request Received: messageType:GetStepValueRequest messageId:4 stepValueRequest:<stepText:"U\303\247u\305\237 tarihini se\303\247" > 
02-06-2021 22:22:42.717 [Gauge] [DEBUG] Sending API response: messageType:GetStepValueResponse messageId:4 stepValueResponse:<stepValue:<stepValue:"U\303\247u\305\237 tarihini se\303\247" parameterizedStepValue:"U\303\247u\305\237 tarihini se\303\247" > > 
02-06-2021 22:22:42.718 [Gauge] [DEBUG] Api Request Received: messageType:GetStepValueRequest messageId:4 stepValueRequest:<stepText:"Tek Y\303\266n U\303\247u\305\237 se\303\247" > 
02-06-2021 22:22:42.718 [Gauge] [DEBUG] Sending API response: messageType:GetStepValueResponse messageId:4 stepValueResponse:<stepValue:<stepValue:"Tek Y\303\266n U\303\247u\305\237 se\303\247" parameterizedStepValue:"Tek Y\303\266n U\303\247u\305\237 se\303\247" > > 
02-06-2021 22:22:42.718 [Gauge] [DEBUG] Api Request Received: messageType:GetStepValueRequest messageId:4 stepValueRequest:<stepText:"Done butonuna t\304\261kla" > 
02-06-2021 22:22:42.718 [Gauge] [DEBUG] Sending API response: messageType:GetStepValueResponse messageId:4 stepValueResponse:<stepValue:<stepValue:"Done butonuna t\304\261kla" parameterizedStepValue:"Done butonuna t\304\261kla" > > 
02-06-2021 22:22:42.718 [Gauge] [DEBUG] Api Request Received: messageType:GetStepValueRequest messageId:4 stepValueRequest:<stepText:"U\303\247u\305\237 sayfas\304\261n\304\261 kontrol et" > 
02-06-2021 22:22:42.718 [Gauge] [DEBUG] Sending API response: messageType:GetStepValueResponse messageId:4 stepValueResponse:<stepValue:<stepValue:"U\303\247u\305\237 sayfas\304\261n\304\261 kontrol et" parameterizedStepValue:"U\303\247u\305\237 sayfas\304\261n\304\261 kontrol et" > > 
02-06-2021 22:22:42.719 [Gauge] [DEBUG] Api Request Received: messageType:GetStepValueRequest messageId:4 stepValueRequest:<stepText:"Gidi\305\237 Y\303\266n\303\274n\303\274 se\303\247" > 
02-06-2021 22:22:42.719 [Gauge] [DEBUG] Sending API response: messageType:GetStepValueResponse messageId:4 stepValueResponse:<stepValue:<stepValue:"Gidi\305\237 Y\303\266n\303\274n\303\274 se\303\247" parameterizedStepValue:"Gidi\305\237 Y\303\266n\303\274n\303\274 se\303\247" > > 
02-06-2021 22:22:42.719 [Gauge] [DEBUG] Api Request Received: messageType:GetStepValueRequest messageId:4 stepValueRequest:<stepText:"U\303\247u\305\237 ara" > 
02-06-2021 22:22:42.719 [Gauge] [DEBUG] Sending API response: messageType:GetStepValueResponse messageId:4 stepValueResponse:<stepValue:<stepValue:"U\303\247u\305\237 ara" parameterizedStepValue:"U\303\247u\305\237 ara" > > 
02-06-2021 22:22:42.769 [Gauge] [DEBUG] Validation completed.
02-06-2021 22:22:42.770 [Gauge] [DEBUG] Sending kill message to runner.
02-06-2021 22:22:42.828 [Gauge] [INFO] Closing connection [127.0.0.1:65513] cause: read tcp 127.0.0.1:65509->127.0.0.1:65513: wsarecv: An existing connection was forcibly closed by the remote host.
02-06-2021 22:22:42.971 [Gauge] [DEBUG] Runner with PID:12448 has exited
02-06-2021 22:22:42.972 [Gauge] [INFO] Updates are available. Run `gauge update -c` for more info.
02-06-2021 22:24:10.377 [Gauge] [DEBUG] Created gauge_screenshots_dir at C:\Users\testinium\IdeaProjects\AppiumOdev\.gauge\screenshots
02-06-2021 22:24:10.383 [Gauge] [DEBUG] Plugin html-report is already installed.
02-06-2021 22:24:10.385 [Gauge] [DEBUG] Plugin java is already installed.
02-06-2021 22:24:10.388 [Gauge] [DEBUG] Parsing started.
02-06-2021 22:24:10.389 [Gauge] [DEBUG] Started concepts parsing.
02-06-2021 22:24:10.404 [Gauge] [ERROR] [ParseError] C:\Users\testinium\IdeaProjects\AppiumOdev\specs\scenarios\FlightReselts.cpt:11 Circular reference found in concept. "Devam Butonuna tıkla" => C:\Users\testinium\IdeaProjects\AppiumOdev\specs\scenarios\FlightReselts.cpt:10 => 'Devam Butonuna tıkla'
02-06-2021 22:24:10.404 [Gauge] [ERROR] [ParseError] C:\Users\testinium\IdeaProjects\AppiumOdev\specs\scenarios\FlightReselts.cpt:10 Circular reference found in concept. "Devam Butonuna tıkla" => C:\Users\testinium\IdeaProjects\AppiumOdev\specs\scenarios\FlightReselts.cpt:11 => 'Devam Butonuna tıkla'
02-06-2021 22:24:10.404 [Gauge] [DEBUG] 9 concepts parsing completed.
02-06-2021 22:24:10.404 [Gauge] [DEBUG] Started specifications parsing.
02-06-2021 22:24:10.406 [Gauge] [DEBUG] 1 specifications parsing completed.
02-06-2021 22:24:10.406 [Gauge] [DEBUG] Parsing completed.
02-06-2021 22:24:10.409 [Gauge] [DEBUG] Staring java runner
02-06-2021 22:24:10.444 [java] [DEBUG] classpath set to C:\Program Files\Java\jdk1.8.0_291\jre\lib\charsets.jar;C:\Program Files\Java\jdk1.8.0_291\jre\lib\deploy.jar;C:\Program Files\Java\jdk1.8.0_291\jre\lib\ext\access-bridge-64.jar;C:\Program Files\Java\jdk1.8.0_291\jre\lib\ext\cldrdata.jar;C:\Program Files\Java\jdk1.8.0_291\jre\lib\ext\dnsns.jar;C:\Program Files\Java\jdk1.8.0_291\jre\lib\ext\jaccess.jar;C:\Program Files\Java\jdk1.8.0_291\jre\lib\ext\jfxrt.jar;C:\Program Files\Java\jdk1.8.0_291\jre\lib\ext\localedata.jar;C:\Program Files\Java\jdk1.8.0_291\jre\lib\ext\nashorn.jar;C:\Program Files\Java\jdk1.8.0_291\jre\lib\ext\sunec.jar;C:\Program Files\Java\jdk1.8.0_291\jre\lib\ext\sunjce_provider.jar;C:\Program Files\Java\jdk1.8.0_291\jre\lib\ext\sunmscapi.jar;C:\Program Files\Java\jdk1.8.0_291\jre\lib\ext\sunpkcs11.jar;C:\Program Files\Java\jdk1.8.0_291\jre\lib\ext\zipfs.jar;C:\Program Files\Java\jdk1.8.0_291\jre\lib\javaws.jar;C:\Program Files\Java\jdk1.8.0_291\jre\lib\jce.jar;C:\Program Files\Java\jdk1.8.0_291\jre\lib\jfr.jar;C:\Program Files\Java\jdk1.8.0_291\jre\lib\jfxswt.jar;C:\Program Files\Java\jdk1.8.0_291\jre\lib\jsse.jar;C:\Program Files\Java\jdk1.8.0_291\jre\lib\management-agent.jar;C:\Program Files\Java\jdk1.8.0_291\jre\lib\plugin.jar;C:\Program Files\Java\jdk1.8.0_291\jre\lib\resources.jar;C:\Program Files\Java\jdk1.8.0_291\jre\lib\rt.jar;C:\Users\testinium\IdeaProjects\AppiumOdev\target\test-classes;C:\Users\testinium\.m2\repository\com\thoughtworks\gauge\gauge-java\0.6.0\gauge-java-0.6.0.jar;C:\Users\testinium\.m2\repository\org\reflections\reflections\0.9.10\reflections-0.9.10.jar;C:\Users\testinium\.m2\repository\org\javassist\javassist\3.19.0-GA\javassist-3.19.0-GA.jar;C:\Users\testinium\.m2\repository\com\google\code\findbugs\annotations\2.0.1\annotations-2.0.1.jar;C:\Users\testinium\.m2\repository\com\github\javaparser\javaparser-core\2.3.0\javaparser-core-2.3.0.jar;C:\Users\testinium\.m2\repository\org\hamcrest\hamcrest-core\1.3\hamcrest-core-1.3.jar;C:\Users\testinium\.m2\repository\org\hamcrest\hamcrest-library\1.3\hamcrest-library-1.3.jar;C:\Users\testinium\.m2\repository\commons-io\commons-io\2.4\commons-io-2.4.jar;C:\Users\testinium\.m2\repository\commons-lang\commons-lang\2.6\commons-lang-2.6.jar;C:\Users\testinium\.m2\repository\com\google\protobuf\protobuf-java\3.1.0\protobuf-java-3.1.0.jar;C:\Users\testinium\.m2\repository\junit\junit\4.12\junit-4.12.jar;C:\Users\testinium\.m2\repository\io\appium\java-client\7.5.1\java-client-7.5.1.jar;C:\Users\testinium\.m2\repository\org\seleniumhq\selenium\selenium-support\3.141.59\selenium-support-3.141.59.jar;C:\Users\testinium\.m2\repository\org\seleniumhq\selenium\selenium-api\3.141.59\selenium-api-3.141.59.jar;C:\Users\testinium\.m2\repository\org\apache\httpcomponents\httpclient\4.5.13\httpclient-4.5.13.jar;C:\Users\testinium\.m2\repository\org\apache\httpcomponents\httpcore\4.4.13\httpcore-4.4.13.jar;C:\Users\testinium\.m2\repository\commons-logging\commons-logging\1.2\commons-logging-1.2.jar;C:\Users\testinium\.m2\repository\commons-codec\commons-codec\1.11\commons-codec-1.11.jar;C:\Users\testinium\.m2\repository\cglib\cglib\3.3.0\cglib-3.3.0.jar;C:\Users\testinium\.m2\repository\org\ow2\asm\asm\7.1\asm-7.1.jar;C:\Users\testinium\.m2\repository\commons-validator\commons-validator\1.7\commons-validator-1.7.jar;C:\Users\testinium\.m2\repository\commons-beanutils\commons-beanutils\1.9.4\commons-beanutils-1.9.4.jar;C:\Users\testinium\.m2\repository\commons-digester\commons-digester\2.1\commons-digester-2.1.jar;C:\Users\testinium\.m2\repository\commons-collections\commons-collections\3.2.2\commons-collections-3.2.2.jar;C:\Users\testinium\.m2\repository\org\apache\commons\commons-lang3\3.12.0\commons-lang3-3.12.0.jar;C:\Users\testinium\.m2\repository\org\springframework\spring-context\5.3.4\spring-context-5.3.4.jar;C:\Users\testinium\.m2\repository\org\springframework\spring-aop\5.3.4\spring-aop-5.3.4.jar;C:\Users\testinium\.m2\repository\org\springframework\spring-beans\5.3.4\spring-beans-5.3.4.jar;C:\Users\testinium\.m2\repository\org\springframework\spring-core\5.3.4\spring-core-5.3.4.jar;C:\Users\testinium\.m2\repository\org\springframework\spring-jcl\5.3.4\spring-jcl-5.3.4.jar;C:\Users\testinium\.m2\repository\org\springframework\spring-expression\5.3.4\spring-expression-5.3.4.jar;C:\Users\testinium\.m2\repository\org\aspectj\aspectjweaver\1.9.6\aspectjweaver-1.9.6.jar;C:\Users\testinium\.m2\repository\org\slf4j\slf4j-api\1.7.30\slf4j-api-1.7.30.jar;C:\Users\testinium\.m2\repository\org\seleniumhq\selenium\selenium-java\3.141.59\selenium-java-3.141.59.jar;C:\Users\testinium\.m2\repository\org\seleniumhq\selenium\selenium-chrome-driver\3.141.59\selenium-chrome-driver-3.141.59.jar;C:\Users\testinium\.m2\repository\org\seleniumhq\selenium\selenium-edge-driver\3.141.59\selenium-edge-driver-3.141.59.jar;C:\Users\testinium\.m2\repository\org\seleniumhq\selenium\selenium-firefox-driver\3.141.59\selenium-firefox-driver-3.141.59.jar;C:\Users\testinium\.m2\repository\org\seleniumhq\selenium\selenium-ie-driver\3.141.59\selenium-ie-driver-3.141.59.jar;C:\Users\testinium\.m2\repository\org\seleniumhq\selenium\selenium-opera-driver\3.141.59\selenium-opera-driver-3.141.59.jar;C:\Users\testinium\.m2\repository\org\seleniumhq\selenium\selenium-remote-driver\3.141.59\selenium-remote-driver-3.141.59.jar;C:\Users\testinium\.m2\repository\org\seleniumhq\selenium\selenium-safari-driver\3.141.59\selenium-safari-driver-3.141.59.jar;C:\Users\testinium\.m2\repository\net\bytebuddy\byte-buddy\1.8.15\byte-buddy-1.8.15.jar;C:\Users\testinium\.m2\repository\org\apache\commons\commons-exec\1.3\commons-exec-1.3.jar;C:\Users\testinium\.m2\repository\com\google\guava\guava\25.0-jre\guava-25.0-jre.jar;C:\Users\testinium\.m2\repository\com\google\code\findbugs\jsr305\1.3.9\jsr305-1.3.9.jar;C:\Users\testinium\.m2\repository\org\checkerframework\checker-compat-qual\2.0.0\checker-compat-qual-2.0.0.jar;C:\Users\testinium\.m2\repository\com\google\errorprone\error_prone_annotations\2.1.3\error_prone_annotations-2.1.3.jar;C:\Users\testinium\.m2\repository\com\google\j2objc\j2objc-annotations\1.1\j2objc-annotations-1.1.jar;C:\Users\testinium\.m2\repository\org\codehaus\mojo\animal-sniffer-annotations\1.14\animal-sniffer-annotations-1.14.jar;C:\Users\testinium\.m2\repository\com\squareup\okhttp3\okhttp\3.11.0\okhttp-3.11.0.jar;C:\Users\testinium\.m2\repository\com\squareup\okio\okio\1.14.0\okio-1.14.0.jar;C:\Users\testinium\.m2\repository\com\google\code\gson\gson\2.8.5\gson-2.8.5.jar
02-06-2021 22:24:10.747 [Gauge] [DEBUG] Established connection to runner.
02-06-2021 22:24:10.748 [Gauge] [DEBUG] Validation started.
02-06-2021 22:24:11.179 [Gauge] [DEBUG] Checking updates...
02-06-2021 22:24:11.182 [Gauge] [DEBUG] Downloading https://downloads.gauge.org/plugin/flash?l=java&p=flash,html-report,java,screenshot,spectacle,xml-report&o=windows&a=386
02-06-2021 22:24:11.660 [Gauge] [DEBUG] Downloading https://downloads.gauge.org/plugin/html-report?l=java&p=flash,html-report,java,screenshot,spectacle,xml-report&o=windows&a=386
02-06-2021 22:24:11.879 [Gauge] [DEBUG] Downloading https://downloads.gauge.org/plugin/java?l=java&p=flash,html-report,java,screenshot,spectacle,xml-report&o=windows&a=386
02-06-2021 22:24:12.079 [Gauge] [DEBUG] Downloading https://downloads.gauge.org/plugin/screenshot?l=java&p=flash,html-report,java,screenshot,spectacle,xml-report&o=windows&a=386
02-06-2021 22:24:12.262 [Gauge] [DEBUG] Downloading https://downloads.gauge.org/plugin/spectacle?l=java&p=flash,html-report,java,screenshot,spectacle,xml-report&o=windows&a=386
02-06-2021 22:24:12.487 [Gauge] [DEBUG] Downloading https://downloads.gauge.org/plugin/xml-report?l=java&p=flash,html-report,java,screenshot,spectacle,xml-report&o=windows&a=386
02-06-2021 22:24:14.305 [Gauge] [DEBUG] Api Request Received: messageType:GetStepValueRequest messageId:4 stepValueRequest:<stepText:"Ekonomik U\303\247u\305\237u se\303\247" > 
02-06-2021 22:24:14.306 [Gauge] [DEBUG] Sending API response: messageType:GetStepValueResponse messageId:4 stepValueResponse:<stepValue:<stepValue:"Ekonomik U\303\247u\305\237u se\303\247" parameterizedStepValue:"Ekonomik U\303\247u\305\237u se\303\247" > > 
02-06-2021 22:24:14.314 [Gauge] [DEBUG] Api Request Received: messageType:GetStepValueRequest messageId:4 stepValueRequest:<stepText:"Gidi\305\237 Y\303\266n\303\274n\303\274 <key> olarak se\303\247" > 
02-06-2021 22:24:14.314 [Gauge] [DEBUG] Sending API response: messageType:GetStepValueResponse messageId:4 stepValueResponse:<stepValue:<stepValue:"Gidi\305\237 Y\303\266n\303\274n\303\274 {} olarak se\303\247" parameterizedStepValue:"Gidi\305\237 Y\303\266n\303\274n\303\274 <key> olarak se\303\247" parameters:"key" > > 
02-06-2021 22:24:14.316 [Gauge] [DEBUG] Api Request Received: messageType:GetStepValueRequest messageId:4 stepValueRequest:<stepText:"Book A Flight Butonuna t\304\261kla" > 
02-06-2021 22:24:14.316 [Gauge] [DEBUG] Sending API response: messageType:GetStepValueResponse messageId:4 stepValueResponse:<stepValue:<stepValue:"Book A Flight Butonuna t\304\261kla" parameterizedStepValue:"Book A Flight Butonuna t\304\261kla" > > 
02-06-2021 22:24:14.316 [Gauge] [DEBUG] Api Request Received: messageType:GetStepValueRequest messageId:4 stepValueRequest:<stepText:"Var\304\261\305\237 yerini <key> olarak se\303\247" > 
02-06-2021 22:24:14.316 [Gauge] [DEBUG] Sending API response: messageType:GetStepValueResponse messageId:4 stepValueResponse:<stepValue:<stepValue:"Var\304\261\305\237 yerini {} olarak se\303\247" parameterizedStepValue:"Var\304\261\305\237 yerini <key> olarak se\303\247" parameters:"key" > > 
02-06-2021 22:24:14.316 [Gauge] [DEBUG] Api Request Received: messageType:GetStepValueRequest messageId:4 stepValueRequest:<stepText:"Ki\305\237i say\304\261s\304\261n\304\261 <key> art\304\261r" > 
02-06-2021 22:24:14.316 [Gauge] [DEBUG] Sending API response: messageType:GetStepValueResponse messageId:4 stepValueResponse:<stepValue:<stepValue:"Ki\305\237i say\304\261s\304\261n\304\261 {} art\304\261r" parameterizedStepValue:"Ki\305\237i say\304\261s\304\261n\304\261 <key> art\304\261r" parameters:"key" > > 
02-06-2021 22:24:14.317 [Gauge] [DEBUG] Api Request Received: messageType:GetStepValueRequest messageId:4 stepValueRequest:<stepText:"<seconds> saniye bekle" > 
02-06-2021 22:24:14.317 [Gauge] [DEBUG] Sending API response: messageType:GetStepValueResponse messageId:4 stepValueResponse:<stepValue:<stepValue:"{} saniye bekle" parameterizedStepValue:"<seconds> saniye bekle" parameters:"seconds" > > 
02-06-2021 22:24:14.317 [Gauge] [DEBUG] Api Request Received: messageType:GetStepValueRequest messageId:4 stepValueRequest:<stepText:"U\303\247u\305\237 tarihini se\303\247" > 
02-06-2021 22:24:14.317 [Gauge] [DEBUG] Sending API response: messageType:GetStepValueResponse messageId:4 stepValueResponse:<stepValue:<stepValue:"U\303\247u\305\237 tarihini se\303\247" parameterizedStepValue:"U\303\247u\305\237 tarihini se\303\247" > > 
02-06-2021 22:24:14.317 [Gauge] [DEBUG] Api Request Received: messageType:GetStepValueRequest messageId:4 stepValueRequest:<stepText:"Tek Y\303\266n U\303\247u\305\237 se\303\247" > 
02-06-2021 22:24:14.317 [Gauge] [DEBUG] Sending API response: messageType:GetStepValueResponse messageId:4 stepValueResponse:<stepValue:<stepValue:"Tek Y\303\266n U\303\247u\305\237 se\303\247" parameterizedStepValue:"Tek Y\303\266n U\303\247u\305\237 se\303\247" > > 
02-06-2021 22:24:14.317 [Gauge] [DEBUG] Api Request Received: messageType:GetStepValueRequest messageId:4 stepValueRequest:<stepText:"Done butonuna t\304\261kla" > 
02-06-2021 22:24:14.317 [Gauge] [DEBUG] Sending API response: messageType:GetStepValueResponse messageId:4 stepValueResponse:<stepValue:<stepValue:"Done butonuna t\304\261kla" parameterizedStepValue:"Done butonuna t\304\261kla" > > 
02-06-2021 22:24:14.317 [Gauge] [DEBUG] Api Request Received: messageType:GetStepValueRequest messageId:4 stepValueRequest:<stepText:"U\303\247u\305\237 sayfas\304\261n\304\261 kontrol et" > 
02-06-2021 22:24:14.317 [Gauge] [DEBUG] Sending API response: messageType:GetStepValueResponse messageId:4 stepValueResponse:<stepValue:<stepValue:"U\303\247u\305\237 sayfas\304\261n\304\261 kontrol et" parameterizedStepValue:"U\303\247u\305\237 sayfas\304\261n\304\261 kontrol et" > > 
02-06-2021 22:24:14.318 [Gauge] [DEBUG] Api Request Received: messageType:GetStepValueRequest messageId:4 stepValueRequest:<stepText:"Gidi\305\237 Y\303\266n\303\274n\303\274 se\303\247" > 
02-06-2021 22:24:14.318 [Gauge] [DEBUG] Sending API response: messageType:GetStepValueResponse messageId:4 stepValueResponse:<stepValue:<stepValue:"Gidi\305\237 Y\303\266n\303\274n\303\274 se\303\247" parameterizedStepValue:"Gidi\305\237 Y\303\266n\303\274n\303\274 se\303\247" > > 
02-06-2021 22:24:14.318 [Gauge] [DEBUG] Api Request Received: messageType:GetStepValueRequest messageId:4 stepValueRequest:<stepText:"U\303\247u\305\237 ara" > 
02-06-2021 22:24:14.318 [Gauge] [DEBUG] Sending API response: messageType:GetStepValueResponse messageId:4 stepValueResponse:<stepValue:<stepValue:"U\303\247u\305\237 ara" parameterizedStepValue:"U\303\247u\305\237 ara" > > 
02-06-2021 22:24:14.374 [Gauge] [DEBUG] Validation completed.
02-06-2021 22:24:14.374 [Gauge] [DEBUG] Sending kill message to runner.
02-06-2021 22:24:14.409 [Gauge] [INFO] Closing connection [127.0.0.1:64555] cause: read tcp 127.0.0.1:64550->127.0.0.1:64555: wsarecv: An existing connection was forcibly closed by the remote host.
02-06-2021 22:24:14.588 [Gauge] [DEBUG] Runner with PID:8516 has exited
02-06-2021 22:24:14.588 [Gauge] [INFO] Updates are available. Run `gauge update -c` for more info.
02-06-2021 22:24:41.188 [Gauge] [DEBUG] Created gauge_screenshots_dir at C:\Users\testinium\IdeaProjects\AppiumOdev\.gauge\screenshots
02-06-2021 22:24:41.193 [Gauge] [DEBUG] Plugin java is already installed.
02-06-2021 22:24:41.195 [Gauge] [DEBUG] Plugin html-report is already installed.
02-06-2021 22:24:41.196 [Gauge] [DEBUG] Parsing started.
02-06-2021 22:24:41.196 [Gauge] [DEBUG] Started concepts parsing.
02-06-2021 22:24:41.210 [Gauge] [DEBUG] 9 concepts parsing completed.
02-06-2021 22:24:41.210 [Gauge] [DEBUG] Started specifications parsing.
02-06-2021 22:24:41.212 [Gauge] [DEBUG] 1 specifications parsing completed.
02-06-2021 22:24:41.212 [Gauge] [DEBUG] Parsing completed.
02-06-2021 22:24:41.216 [Gauge] [DEBUG] Staring java runner
02-06-2021 22:24:41.248 [java] [DEBUG] classpath set to C:\Program Files\Java\jdk1.8.0_291\jre\lib\charsets.jar;C:\Program Files\Java\jdk1.8.0_291\jre\lib\deploy.jar;C:\Program Files\Java\jdk1.8.0_291\jre\lib\ext\access-bridge-64.jar;C:\Program Files\Java\jdk1.8.0_291\jre\lib\ext\cldrdata.jar;C:\Program Files\Java\jdk1.8.0_291\jre\lib\ext\dnsns.jar;C:\Program Files\Java\jdk1.8.0_291\jre\lib\ext\jaccess.jar;C:\Program Files\Java\jdk1.8.0_291\jre\lib\ext\jfxrt.jar;C:\Program Files\Java\jdk1.8.0_291\jre\lib\ext\localedata.jar;C:\Program Files\Java\jdk1.8.0_291\jre\lib\ext\nashorn.jar;C:\Program Files\Java\jdk1.8.0_291\jre\lib\ext\sunec.jar;C:\Program Files\Java\jdk1.8.0_291\jre\lib\ext\sunjce_provider.jar;C:\Program Files\Java\jdk1.8.0_291\jre\lib\ext\sunmscapi.jar;C:\Program Files\Java\jdk1.8.0_291\jre\lib\ext\sunpkcs11.jar;C:\Program Files\Java\jdk1.8.0_291\jre\lib\ext\zipfs.jar;C:\Program Files\Java\jdk1.8.0_291\jre\lib\javaws.jar;C:\Program Files\Java\jdk1.8.0_291\jre\lib\jce.jar;C:\Program Files\Java\jdk1.8.0_291\jre\lib\jfr.jar;C:\Program Files\Java\jdk1.8.0_291\jre\lib\jfxswt.jar;C:\Program Files\Java\jdk1.8.0_291\jre\lib\jsse.jar;C:\Program Files\Java\jdk1.8.0_291\jre\lib\management-agent.jar;C:\Program Files\Java\jdk1.8.0_291\jre\lib\plugin.jar;C:\Program Files\Java\jdk1.8.0_291\jre\lib\resources.jar;C:\Program Files\Java\jdk1.8.0_291\jre\lib\rt.jar;C:\Users\testinium\IdeaProjects\AppiumOdev\target\test-classes;C:\Users\testinium\.m2\repository\com\thoughtworks\gauge\gauge-java\0.6.0\gauge-java-0.6.0.jar;C:\Users\testinium\.m2\repository\org\reflections\reflections\0.9.10\reflections-0.9.10.jar;C:\Users\testinium\.m2\repository\org\javassist\javassist\3.19.0-GA\javassist-3.19.0-GA.jar;C:\Users\testinium\.m2\repository\com\google\code\findbugs\annotations\2.0.1\annotations-2.0.1.jar;C:\Users\testinium\.m2\repository\com\github\javaparser\javaparser-core\2.3.0\javaparser-core-2.3.0.jar;C:\Users\testinium\.m2\repository\org\hamcrest\hamcrest-core\1.3\hamcrest-core-1.3.jar;C:\Users\testinium\.m2\repository\org\hamcrest\hamcrest-library\1.3\hamcrest-library-1.3.jar;C:\Users\testinium\.m2\repository\commons-io\commons-io\2.4\commons-io-2.4.jar;C:\Users\testinium\.m2\repository\commons-lang\commons-lang\2.6\commons-lang-2.6.jar;C:\Users\testinium\.m2\repository\com\google\protobuf\protobuf-java\3.1.0\protobuf-java-3.1.0.jar;C:\Users\testinium\.m2\repository\junit\junit\4.12\junit-4.12.jar;C:\Users\testinium\.m2\repository\io\appium\java-client\7.5.1\java-client-7.5.1.jar;C:\Users\testinium\.m2\repository\org\seleniumhq\selenium\selenium-support\3.141.59\selenium-support-3.141.59.jar;C:\Users\testinium\.m2\repository\org\seleniumhq\selenium\selenium-api\3.141.59\selenium-api-3.141.59.jar;C:\Users\testinium\.m2\repository\org\apache\httpcomponents\httpclient\4.5.13\httpclient-4.5.13.jar;C:\Users\testinium\.m2\repository\org\apache\httpcomponents\httpcore\4.4.13\httpcore-4.4.13.jar;C:\Users\testinium\.m2\repository\commons-logging\commons-logging\1.2\commons-logging-1.2.jar;C:\Users\testinium\.m2\repository\commons-codec\commons-codec\1.11\commons-codec-1.11.jar;C:\Users\testinium\.m2\repository\cglib\cglib\3.3.0\cglib-3.3.0.jar;C:\Users\testinium\.m2\repository\org\ow2\asm\asm\7.1\asm-7.1.jar;C:\Users\testinium\.m2\repository\commons-validator\commons-validator\1.7\commons-validator-1.7.jar;C:\Users\testinium\.m2\repository\commons-beanutils\commons-beanutils\1.9.4\commons-beanutils-1.9.4.jar;C:\Users\testinium\.m2\repository\commons-digester\commons-digester\2.1\commons-digester-2.1.jar;C:\Users\testinium\.m2\repository\commons-collections\commons-collections\3.2.2\commons-collections-3.2.2.jar;C:\Users\testinium\.m2\repository\org\apache\commons\commons-lang3\3.12.0\commons-lang3-3.12.0.jar;C:\Users\testinium\.m2\repository\org\springframework\spring-context\5.3.4\spring-context-5.3.4.jar;C:\Users\testinium\.m2\repository\org\springframework\spring-aop\5.3.4\spring-aop-5.3.4.jar;C:\Users\testinium\.m2\repository\org\springframework\spring-beans\5.3.4\spring-beans-5.3.4.jar;C:\Users\testinium\.m2\repository\org\springframework\spring-core\5.3.4\spring-core-5.3.4.jar;C:\Users\testinium\.m2\repository\org\springframework\spring-jcl\5.3.4\spring-jcl-5.3.4.jar;C:\Users\testinium\.m2\repository\org\springframework\spring-expression\5.3.4\spring-expression-5.3.4.jar;C:\Users\testinium\.m2\repository\org\aspectj\aspectjweaver\1.9.6\aspectjweaver-1.9.6.jar;C:\Users\testinium\.m2\repository\org\slf4j\slf4j-api\1.7.30\slf4j-api-1.7.30.jar;C:\Users\testinium\.m2\repository\org\seleniumhq\selenium\selenium-java\3.141.59\selenium-java-3.141.59.jar;C:\Users\testinium\.m2\repository\org\seleniumhq\selenium\selenium-chrome-driver\3.141.59\selenium-chrome-driver-3.141.59.jar;C:\Users\testinium\.m2\repository\org\seleniumhq\selenium\selenium-edge-driver\3.141.59\selenium-edge-driver-3.141.59.jar;C:\Users\testinium\.m2\repository\org\seleniumhq\selenium\selenium-firefox-driver\3.141.59\selenium-firefox-driver-3.141.59.jar;C:\Users\testinium\.m2\repository\org\seleniumhq\selenium\selenium-ie-driver\3.141.59\selenium-ie-driver-3.141.59.jar;C:\Users\testinium\.m2\repository\org\seleniumhq\selenium\selenium-opera-driver\3.141.59\selenium-opera-driver-3.141.59.jar;C:\Users\testinium\.m2\repository\org\seleniumhq\selenium\selenium-remote-driver\3.141.59\selenium-remote-driver-3.141.59.jar;C:\Users\testinium\.m2\repository\org\seleniumhq\selenium\selenium-safari-driver\3.141.59\selenium-safari-driver-3.141.59.jar;C:\Users\testinium\.m2\repository\net\bytebuddy\byte-buddy\1.8.15\byte-buddy-1.8.15.jar;C:\Users\testinium\.m2\repository\org\apache\commons\commons-exec\1.3\commons-exec-1.3.jar;C:\Users\testinium\.m2\repository\com\google\guava\guava\25.0-jre\guava-25.0-jre.jar;C:\Users\testinium\.m2\repository\com\google\code\findbugs\jsr305\1.3.9\jsr305-1.3.9.jar;C:\Users\testinium\.m2\repository\org\checkerframework\checker-compat-qual\2.0.0\checker-compat-qual-2.0.0.jar;C:\Users\testinium\.m2\repository\com\google\errorprone\error_prone_annotations\2.1.3\error_prone_annotations-2.1.3.jar;C:\Users\testinium\.m2\repository\com\google\j2objc\j2objc-annotations\1.1\j2objc-annotations-1.1.jar;C:\Users\testinium\.m2\repository\org\codehaus\mojo\animal-sniffer-annotations\1.14\animal-sniffer-annotations-1.14.jar;C:\Users\testinium\.m2\repository\com\squareup\okhttp3\okhttp\3.11.0\okhttp-3.11.0.jar;C:\Users\testinium\.m2\repository\com\squareup\okio\okio\1.14.0\okio-1.14.0.jar;C:\Users\testinium\.m2\repository\com\google\code\gson\gson\2.8.5\gson-2.8.5.jar
02-06-2021 22:24:41.559 [Gauge] [DEBUG] Established connection to runner.
02-06-2021 22:24:41.559 [Gauge] [DEBUG] Validation started.
02-06-2021 22:24:41.613 [Gauge] [DEBUG] Checking updates...
02-06-2021 22:24:41.615 [Gauge] [DEBUG] Downloading https://downloads.gauge.org/plugin/flash?l=java&p=flash,html-report,java,screenshot,spectacle,xml-report&o=windows&a=386
02-06-2021 22:24:44.895 [Gauge] [DEBUG] Api Request Received: messageType:GetStepValueRequest messageId:4 stepValueRequest:<stepText:"Ekonomik U\303\247u\305\237u se\303\247" > 
02-06-2021 22:24:44.897 [Gauge] [DEBUG] Sending API response: messageType:GetStepValueResponse messageId:4 stepValueResponse:<stepValue:<stepValue:"Ekonomik U\303\247u\305\237u se\303\247" parameterizedStepValue:"Ekonomik U\303\247u\305\237u se\303\247" > > 
02-06-2021 22:24:44.906 [Gauge] [DEBUG] Api Request Received: messageType:GetStepValueRequest messageId:4 stepValueRequest:<stepText:"Gidi\305\237 Y\303\266n\303\274n\303\274 <key> olarak se\303\247" > 
02-06-2021 22:24:44.907 [Gauge] [DEBUG] Sending API response: messageType:GetStepValueResponse messageId:4 stepValueResponse:<stepValue:<stepValue:"Gidi\305\237 Y\303\266n\303\274n\303\274 {} olarak se\303\247" parameterizedStepValue:"Gidi\305\237 Y\303\266n\303\274n\303\274 <key> olarak se\303\247" parameters:"key" > > 
02-06-2021 22:24:44.908 [Gauge] [DEBUG] Api Request Received: messageType:GetStepValueRequest messageId:4 stepValueRequest:<stepText:"Book A Flight Butonuna t\304\261kla" > 
02-06-2021 22:24:44.908 [Gauge] [DEBUG] Sending API response: messageType:GetStepValueResponse messageId:4 stepValueResponse:<stepValue:<stepValue:"Book A Flight Butonuna t\304\261kla" parameterizedStepValue:"Book A Flight Butonuna t\304\261kla" > > 
02-06-2021 22:24:44.908 [Gauge] [DEBUG] Api Request Received: messageType:GetStepValueRequest messageId:4 stepValueRequest:<stepText:"Var\304\261\305\237 yerini <key> olarak se\303\247" > 
02-06-2021 22:24:44.908 [Gauge] [DEBUG] Sending API response: messageType:GetStepValueResponse messageId:4 stepValueResponse:<stepValue:<stepValue:"Var\304\261\305\237 yerini {} olarak se\303\247" parameterizedStepValue:"Var\304\261\305\237 yerini <key> olarak se\303\247" parameters:"key" > > 
02-06-2021 22:24:44.908 [Gauge] [DEBUG] Api Request Received: messageType:GetStepValueRequest messageId:4 stepValueRequest:<stepText:"Ki\305\237i say\304\261s\304\261n\304\261 <key> art\304\261r" > 
02-06-2021 22:24:44.908 [Gauge] [DEBUG] Sending API response: messageType:GetStepValueResponse messageId:4 stepValueResponse:<stepValue:<stepValue:"Ki\305\237i say\304\261s\304\261n\304\261 {} art\304\261r" parameterizedStepValue:"Ki\305\237i say\304\261s\304\261n\304\261 <key> art\304\261r" parameters:"key" > > 
02-06-2021 22:24:44.908 [Gauge] [DEBUG] Api Request Received: messageType:GetStepValueRequest messageId:4 stepValueRequest:<stepText:"<seconds> saniye bekle" > 
02-06-2021 22:24:44.908 [Gauge] [DEBUG] Sending API response: messageType:GetStepValueResponse messageId:4 stepValueResponse:<stepValue:<stepValue:"{} saniye bekle" parameterizedStepValue:"<seconds> saniye bekle" parameters:"seconds" > > 
02-06-2021 22:24:44.909 [Gauge] [DEBUG] Api Request Received: messageType:GetStepValueRequest messageId:4 stepValueRequest:<stepText:"U\303\247u\305\237 tarihini se\303\247" > 
02-06-2021 22:24:44.909 [Gauge] [DEBUG] Sending API response: messageType:GetStepValueResponse messageId:4 stepValueResponse:<stepValue:<stepValue:"U\303\247u\305\237 tarihini se\303\247" parameterizedStepValue:"U\303\247u\305\237 tarihini se\303\247" > > 
02-06-2021 22:24:44.909 [Gauge] [DEBUG] Api Request Received: messageType:GetStepValueRequest messageId:4 stepValueRequest:<stepText:"Tek Y\303\266n U\303\247u\305\237 se\303\247" > 
02-06-2021 22:24:44.909 [Gauge] [DEBUG] Sending API response: messageType:GetStepValueResponse messageId:4 stepValueResponse:<stepValue:<stepValue:"Tek Y\303\266n U\303\247u\305\237 se\303\247" parameterizedStepValue:"Tek Y\303\266n U\303\247u\305\237 se\303\247" > > 
02-06-2021 22:24:44.909 [Gauge] [DEBUG] Api Request Received: messageType:GetStepValueRequest messageId:4 stepValueRequest:<stepText:"Done butonuna t\304\261kla" > 
02-06-2021 22:24:44.909 [Gauge] [DEBUG] Sending API response: messageType:GetStepValueResponse messageId:4 stepValueResponse:<stepValue:<stepValue:"Done butonuna t\304\261kla" parameterizedStepValue:"Done butonuna t\304\261kla" > > 
02-06-2021 22:24:44.909 [Gauge] [DEBUG] Api Request Received: messageType:GetStepValueRequest messageId:4 stepValueRequest:<stepText:"U\303\247u\305\237 sayfas\304\261n\304\261 kontrol et" > 
02-06-2021 22:24:44.910 [Gauge] [DEBUG] Sending API response: messageType:GetStepValueResponse messageId:4 stepValueResponse:<stepValue:<stepValue:"U\303\247u\305\237 sayfas\304\261n\304\261 kontrol et" parameterizedStepValue:"U\303\247u\305\237 sayfas\304\261n\304\261 kontrol et" > > 
02-06-2021 22:24:44.910 [Gauge] [DEBUG] Api Request Received: messageType:GetStepValueRequest messageId:4 stepValueRequest:<stepText:"Gidi\305\237 Y\303\266n\303\274n\303\274 se\303\247" > 
02-06-2021 22:24:44.910 [Gauge] [DEBUG] Sending API response: messageType:GetStepValueResponse messageId:4 stepValueResponse:<stepValue:<stepValue:"Gidi\305\237 Y\303\266n\303\274n\303\274 se\303\247" parameterizedStepValue:"Gidi\305\237 Y\303\266n\303\274n\303\274 se\303\247" > > 
02-06-2021 22:24:44.910 [Gauge] [DEBUG] Api Request Received: messageType:GetStepValueRequest messageId:4 stepValueRequest:<stepText:"U\303\247u\305\237 ara" > 
02-06-2021 22:24:44.910 [Gauge] [DEBUG] Sending API response: messageType:GetStepValueResponse messageId:4 stepValueResponse:<stepValue:<stepValue:"U\303\247u\305\237 ara" parameterizedStepValue:"U\303\247u\305\237 ara" > > 
02-06-2021 22:24:44.960 [Gauge] [DEBUG] Validation completed.
02-06-2021 22:24:44.966 [Gauge] [DEBUG] Run started
02-06-2021 22:24:44.969 [Gauge] [DEBUG] Starting Html Report plugin
02-06-2021 22:24:45.638 [Gauge] [DEBUG] Downloading https://downloads.gauge.org/plugin/html-report?l=java&p=flash,html-report,java,screenshot,spectacle,xml-report&o=windows&a=386
02-06-2021 22:24:45.843 [Gauge] [DEBUG] Downloading https://downloads.gauge.org/plugin/java?l=java&p=flash,html-report,java,screenshot,spectacle,xml-report&o=windows&a=386
02-06-2021 22:24:46.065 [Gauge] [DEBUG] Downloading https://downloads.gauge.org/plugin/screenshot?l=java&p=flash,html-report,java,screenshot,spectacle,xml-report&o=windows&a=386
02-06-2021 22:24:46.269 [Gauge] [DEBUG] Downloading https://downloads.gauge.org/plugin/spectacle?l=java&p=flash,html-report,java,screenshot,spectacle,xml-report&o=windows&a=386
02-06-2021 22:24:46.474 [Gauge] [DEBUG] Downloading https://downloads.gauge.org/plugin/xml-report?l=java&p=flash,html-report,java,screenshot,spectacle,xml-report&o=windows&a=386
02-06-2021 22:24:47.196 [Gauge] [DEBUG] Attempting to connect to grpc server at port: 64584
02-06-2021 22:24:47.201 [Gauge] [DEBUG] Successfully made the connection with plugin with port: 64584
02-06-2021 22:24:47.201 [Gauge] [DEBUG] Initialising suite data store.
02-06-2021 22:25:05.785 [html-report] [DEBUG] Transformed SuiteResult to report structure
02-06-2021 22:25:07.218 [html-report] [INFO] Successfully generated html-report to => C:\Users\testinium\IdeaProjects\AppiumOdev\reports\html-report\index.html
02-06-2021 22:25:07.218 [html-report] [DEBUG] Done generating HTML report using theme from C:\Users\testinium\AppData\Roaming\gauge\plugins\html-report\4.0.9\themes\default
02-06-2021 22:25:07.218 [Gauge] [DEBUG] Sending kill message to Html Report plugin.
02-06-2021 22:25:07.223 [Gauge] [DEBUG] Sending kill message to runner.
02-06-2021 22:25:07.425 [Gauge] [INFO] Closing connection [127.0.0.1:64576] cause: read tcp 127.0.0.1:64572->127.0.0.1:64576: wsarecv: An existing connection was forcibly closed by the remote host.
02-06-2021 22:25:07.631 [Gauge] [DEBUG] Runner with PID:9912 has exited
02-06-2021 22:25:07.632 [Gauge] [INFO] Specifications:	1 executed	0 passed	1 failed	0 skipped
02-06-2021 22:25:07.632 [Gauge] [INFO] Scenarios:	1 executed	0 passed	1 failed	0 skipped
02-06-2021 22:25:07.632 [Gauge] [INFO] 
Total time taken: 20.807s
02-06-2021 22:25:07.634 [Gauge] [INFO] Updates are available. Run `gauge update -c` for more info.
02-06-2021 22:25:39.809 [Gauge] [DEBUG] Created gauge_screenshots_dir at C:\Users\testinium\IdeaProjects\AppiumOdev\.gauge\screenshots
02-06-2021 22:25:39.813 [Gauge] [DEBUG] Plugin java is already installed.
02-06-2021 22:25:39.813 [Gauge] [DEBUG] Plugin html-report is already installed.
02-06-2021 22:25:39.814 [Gauge] [DEBUG] Parsing started.
02-06-2021 22:25:39.814 [Gauge] [DEBUG] Started concepts parsing.
02-06-2021 22:25:39.825 [Gauge] [DEBUG] 9 concepts parsing completed.
02-06-2021 22:25:39.825 [Gauge] [DEBUG] Started specifications parsing.
02-06-2021 22:25:39.827 [Gauge] [DEBUG] 1 specifications parsing completed.
02-06-2021 22:25:39.827 [Gauge] [DEBUG] Parsing completed.
02-06-2021 22:25:39.829 [Gauge] [DEBUG] Staring java runner
02-06-2021 22:25:39.873 [java] [DEBUG] classpath set to C:\Program Files\Java\jdk1.8.0_291\jre\lib\charsets.jar;C:\Program Files\Java\jdk1.8.0_291\jre\lib\deploy.jar;C:\Program Files\Java\jdk1.8.0_291\jre\lib\ext\access-bridge-64.jar;C:\Program Files\Java\jdk1.8.0_291\jre\lib\ext\cldrdata.jar;C:\Program Files\Java\jdk1.8.0_291\jre\lib\ext\dnsns.jar;C:\Program Files\Java\jdk1.8.0_291\jre\lib\ext\jaccess.jar;C:\Program Files\Java\jdk1.8.0_291\jre\lib\ext\jfxrt.jar;C:\Program Files\Java\jdk1.8.0_291\jre\lib\ext\localedata.jar;C:\Program Files\Java\jdk1.8.0_291\jre\lib\ext\nashorn.jar;C:\Program Files\Java\jdk1.8.0_291\jre\lib\ext\sunec.jar;C:\Program Files\Java\jdk1.8.0_291\jre\lib\ext\sunjce_provider.jar;C:\Program Files\Java\jdk1.8.0_291\jre\lib\ext\sunmscapi.jar;C:\Program Files\Java\jdk1.8.0_291\jre\lib\ext\sunpkcs11.jar;C:\Program Files\Java\jdk1.8.0_291\jre\lib\ext\zipfs.jar;C:\Program Files\Java\jdk1.8.0_291\jre\lib\javaws.jar;C:\Program Files\Java\jdk1.8.0_291\jre\lib\jce.jar;C:\Program Files\Java\jdk1.8.0_291\jre\lib\jfr.jar;C:\Program Files\Java\jdk1.8.0_291\jre\lib\jfxswt.jar;C:\Program Files\Java\jdk1.8.0_291\jre\lib\jsse.jar;C:\Program Files\Java\jdk1.8.0_291\jre\lib\management-agent.jar;C:\Program Files\Java\jdk1.8.0_291\jre\lib\plugin.jar;C:\Program Files\Java\jdk1.8.0_291\jre\lib\resources.jar;C:\Program Files\Java\jdk1.8.0_291\jre\lib\rt.jar;C:\Users\testinium\IdeaProjects\AppiumOdev\target\test-classes;C:\Users\testinium\.m2\repository\com\thoughtworks\gauge\gauge-java\0.6.0\gauge-java-0.6.0.jar;C:\Users\testinium\.m2\repository\org\reflections\reflections\0.9.10\reflections-0.9.10.jar;C:\Users\testinium\.m2\repository\org\javassist\javassist\3.19.0-GA\javassist-3.19.0-GA.jar;C:\Users\testinium\.m2\repository\com\google\code\findbugs\annotations\2.0.1\annotations-2.0.1.jar;C:\Users\testinium\.m2\repository\com\github\javaparser\javaparser-core\2.3.0\javaparser-core-2.3.0.jar;C:\Users\testinium\.m2\repository\org\hamcrest\hamcrest-core\1.3\hamcrest-core-1.3.jar;C:\Users\testinium\.m2\repository\org\hamcrest\hamcrest-library\1.3\hamcrest-library-1.3.jar;C:\Users\testinium\.m2\repository\commons-io\commons-io\2.4\commons-io-2.4.jar;C:\Users\testinium\.m2\repository\commons-lang\commons-lang\2.6\commons-lang-2.6.jar;C:\Users\testinium\.m2\repository\com\google\protobuf\protobuf-java\3.1.0\protobuf-java-3.1.0.jar;C:\Users\testinium\.m2\repository\junit\junit\4.12\junit-4.12.jar;C:\Users\testinium\.m2\repository\io\appium\java-client\7.5.1\java-client-7.5.1.jar;C:\Users\testinium\.m2\repository\org\seleniumhq\selenium\selenium-support\3.141.59\selenium-support-3.141.59.jar;C:\Users\testinium\.m2\repository\org\seleniumhq\selenium\selenium-api\3.141.59\selenium-api-3.141.59.jar;C:\Users\testinium\.m2\repository\org\apache\httpcomponents\httpclient\4.5.13\httpclient-4.5.13.jar;C:\Users\testinium\.m2\repository\org\apache\httpcomponents\httpcore\4.4.13\httpcore-4.4.13.jar;C:\Users\testinium\.m2\repository\commons-logging\commons-logging\1.2\commons-logging-1.2.jar;C:\Users\testinium\.m2\repository\commons-codec\commons-codec\1.11\commons-codec-1.11.jar;C:\Users\testinium\.m2\repository\cglib\cglib\3.3.0\cglib-3.3.0.jar;C:\Users\testinium\.m2\repository\org\ow2\asm\asm\7.1\asm-7.1.jar;C:\Users\testinium\.m2\repository\commons-validator\commons-validator\1.7\commons-validator-1.7.jar;C:\Users\testinium\.m2\repository\commons-beanutils\commons-beanutils\1.9.4\commons-beanutils-1.9.4.jar;C:\Users\testinium\.m2\repository\commons-digester\commons-digester\2.1\commons-digester-2.1.jar;C:\Users\testinium\.m2\repository\commons-collections\commons-collections\3.2.2\commons-collections-3.2.2.jar;C:\Users\testinium\.m2\repository\org\apache\commons\commons-lang3\3.12.0\commons-lang3-3.12.0.jar;C:\Users\testinium\.m2\repository\org\springframework\spring-context\5.3.4\spring-context-5.3.4.jar;C:\Users\testinium\.m2\repository\org\springframework\spring-aop\5.3.4\spring-aop-5.3.4.jar;C:\Users\testinium\.m2\repository\org\springframework\spring-beans\5.3.4\spring-beans-5.3.4.jar;C:\Users\testinium\.m2\repository\org\springframework\spring-core\5.3.4\spring-core-5.3.4.jar;C:\Users\testinium\.m2\repository\org\springframework\spring-jcl\5.3.4\spring-jcl-5.3.4.jar;C:\Users\testinium\.m2\repository\org\springframework\spring-expression\5.3.4\spring-expression-5.3.4.jar;C:\Users\testinium\.m2\repository\org\aspectj\aspectjweaver\1.9.6\aspectjweaver-1.9.6.jar;C:\Users\testinium\.m2\repository\org\slf4j\slf4j-api\1.7.30\slf4j-api-1.7.30.jar;C:\Users\testinium\.m2\repository\org\seleniumhq\selenium\selenium-java\3.141.59\selenium-java-3.141.59.jar;C:\Users\testinium\.m2\repository\org\seleniumhq\selenium\selenium-chrome-driver\3.141.59\selenium-chrome-driver-3.141.59.jar;C:\Users\testinium\.m2\repository\org\seleniumhq\selenium\selenium-edge-driver\3.141.59\selenium-edge-driver-3.141.59.jar;C:\Users\testinium\.m2\repository\org\seleniumhq\selenium\selenium-firefox-driver\3.141.59\selenium-firefox-driver-3.141.59.jar;C:\Users\testinium\.m2\repository\org\seleniumhq\selenium\selenium-ie-driver\3.141.59\selenium-ie-driver-3.141.59.jar;C:\Users\testinium\.m2\repository\org\seleniumhq\selenium\selenium-opera-driver\3.141.59\selenium-opera-driver-3.141.59.jar;C:\Users\testinium\.m2\repository\org\seleniumhq\selenium\selenium-remote-driver\3.141.59\selenium-remote-driver-3.141.59.jar;C:\Users\testinium\.m2\repository\org\seleniumhq\selenium\selenium-safari-driver\3.141.59\selenium-safari-driver-3.141.59.jar;C:\Users\testinium\.m2\repository\net\bytebuddy\byte-buddy\1.8.15\byte-buddy-1.8.15.jar;C:\Users\testinium\.m2\repository\org\apache\commons\commons-exec\1.3\commons-exec-1.3.jar;C:\Users\testinium\.m2\repository\com\google\guava\guava\25.0-jre\guava-25.0-jre.jar;C:\Users\testinium\.m2\repository\com\google\code\findbugs\jsr305\1.3.9\jsr305-1.3.9.jar;C:\Users\testinium\.m2\repository\org\checkerframework\checker-compat-qual\2.0.0\checker-compat-qual-2.0.0.jar;C:\Users\testinium\.m2\repository\com\google\errorprone\error_prone_annotations\2.1.3\error_prone_annotations-2.1.3.jar;C:\Users\testinium\.m2\repository\com\google\j2objc\j2objc-annotations\1.1\j2objc-annotations-1.1.jar;C:\Users\testinium\.m2\repository\org\codehaus\mojo\animal-sniffer-annotations\1.14\animal-sniffer-annotations-1.14.jar;C:\Users\testinium\.m2\repository\com\squareup\okhttp3\okhttp\3.11.0\okhttp-3.11.0.jar;C:\Users\testinium\.m2\repository\com\squareup\okio\okio\1.14.0\okio-1.14.0.jar;C:\Users\testinium\.m2\repository\com\google\code\gson\gson\2.8.5\gson-2.8.5.jar
02-06-2021 22:25:40.096 [Gauge] [DEBUG] Established connection to runner.
02-06-2021 22:25:40.096 [Gauge] [DEBUG] Validation started.
02-06-2021 22:25:40.249 [Gauge] [DEBUG] Checking updates...
02-06-2021 22:25:40.252 [Gauge] [DEBUG] Downloading https://downloads.gauge.org/plugin/flash?l=java&p=flash,html-report,java,screenshot,spectacle,xml-report&o=windows&a=386
02-06-2021 22:25:40.866 [Gauge] [DEBUG] Downloading https://downloads.gauge.org/plugin/html-report?l=java&p=flash,html-report,java,screenshot,spectacle,xml-report&o=windows&a=386
02-06-2021 22:25:41.127 [Gauge] [DEBUG] Downloading https://downloads.gauge.org/plugin/java?l=java&p=flash,html-report,java,screenshot,spectacle,xml-report&o=windows&a=386
02-06-2021 22:25:41.349 [Gauge] [DEBUG] Downloading https://downloads.gauge.org/plugin/screenshot?l=java&p=flash,html-report,java,screenshot,spectacle,xml-report&o=windows&a=386
02-06-2021 22:25:41.539 [Gauge] [DEBUG] Downloading https://downloads.gauge.org/plugin/spectacle?l=java&p=flash,html-report,java,screenshot,spectacle,xml-report&o=windows&a=386
02-06-2021 22:25:41.761 [Gauge] [DEBUG] Downloading https://downloads.gauge.org/plugin/xml-report?l=java&p=flash,html-report,java,screenshot,spectacle,xml-report&o=windows&a=386
02-06-2021 22:25:44.064 [Gauge] [DEBUG] Api Request Received: messageType:GetStepValueRequest messageId:4 stepValueRequest:<stepText:"Ekonomik U\303\247u\305\237u se\303\247" > 
02-06-2021 22:25:44.064 [Gauge] [DEBUG] Sending API response: messageType:GetStepValueResponse messageId:4 stepValueResponse:<stepValue:<stepValue:"Ekonomik U\303\247u\305\237u se\303\247" parameterizedStepValue:"Ekonomik U\303\247u\305\237u se\303\247" > > 
02-06-2021 22:25:44.073 [Gauge] [DEBUG] Api Request Received: messageType:GetStepValueRequest messageId:4 stepValueRequest:<stepText:"Gidi\305\237 Y\303\266n\303\274n\303\274 <key> olarak se\303\247" > 
02-06-2021 22:25:44.074 [Gauge] [DEBUG] Sending API response: messageType:GetStepValueResponse messageId:4 stepValueResponse:<stepValue:<stepValue:"Gidi\305\237 Y\303\266n\303\274n\303\274 {} olarak se\303\247" parameterizedStepValue:"Gidi\305\237 Y\303\266n\303\274n\303\274 <key> olarak se\303\247" parameters:"key" > > 
02-06-2021 22:25:44.075 [Gauge] [DEBUG] Api Request Received: messageType:GetStepValueRequest messageId:4 stepValueRequest:<stepText:"Book A Flight Butonuna t\304\261kla" > 
02-06-2021 22:25:44.075 [Gauge] [DEBUG] Sending API response: messageType:GetStepValueResponse messageId:4 stepValueResponse:<stepValue:<stepValue:"Book A Flight Butonuna t\304\261kla" parameterizedStepValue:"Book A Flight Butonuna t\304\261kla" > > 
02-06-2021 22:25:44.075 [Gauge] [DEBUG] Api Request Received: messageType:GetStepValueRequest messageId:4 stepValueRequest:<stepText:"Var\304\261\305\237 yerini <key> olarak se\303\247" > 
02-06-2021 22:25:44.075 [Gauge] [DEBUG] Sending API response: messageType:GetStepValueResponse messageId:4 stepValueResponse:<stepValue:<stepValue:"Var\304\261\305\237 yerini {} olarak se\303\247" parameterizedStepValue:"Var\304\261\305\237 yerini <key> olarak se\303\247" parameters:"key" > > 
02-06-2021 22:25:44.076 [Gauge] [DEBUG] Api Request Received: messageType:GetStepValueRequest messageId:4 stepValueRequest:<stepText:"Ki\305\237i say\304\261s\304\261n\304\261 <key> art\304\261r" > 
02-06-2021 22:25:44.076 [Gauge] [DEBUG] Sending API response: messageType:GetStepValueResponse messageId:4 stepValueResponse:<stepValue:<stepValue:"Ki\305\237i say\304\261s\304\261n\304\261 {} art\304\261r" parameterizedStepValue:"Ki\305\237i say\304\261s\304\261n\304\261 <key> art\304\261r" parameters:"key" > > 
02-06-2021 22:25:44.076 [Gauge] [DEBUG] Api Request Received: messageType:GetStepValueRequest messageId:4 stepValueRequest:<stepText:"<seconds> saniye bekle" > 
02-06-2021 22:25:44.076 [Gauge] [DEBUG] Sending API response: messageType:GetStepValueResponse messageId:4 stepValueResponse:<stepValue:<stepValue:"{} saniye bekle" parameterizedStepValue:"<seconds> saniye bekle" parameters:"seconds" > > 
02-06-2021 22:25:44.076 [Gauge] [DEBUG] Api Request Received: messageType:GetStepValueRequest messageId:4 stepValueRequest:<stepText:"U\303\247u\305\237 tarihini se\303\247" > 
02-06-2021 22:25:44.076 [Gauge] [DEBUG] Sending API response: messageType:GetStepValueResponse messageId:4 stepValueResponse:<stepValue:<stepValue:"U\303\247u\305\237 tarihini se\303\247" parameterizedStepValue:"U\303\247u\305\237 tarihini se\303\247" > > 
02-06-2021 22:25:44.076 [Gauge] [DEBUG] Api Request Received: messageType:GetStepValueRequest messageId:4 stepValueRequest:<stepText:"Tek Y\303\266n U\303\247u\305\237 se\303\247" > 
02-06-2021 22:25:44.076 [Gauge] [DEBUG] Sending API response: messageType:GetStepValueResponse messageId:4 stepValueResponse:<stepValue:<stepValue:"Tek Y\303\266n U\303\247u\305\237 se\303\247" parameterizedStepValue:"Tek Y\303\266n U\303\247u\305\237 se\303\247" > > 
02-06-2021 22:25:44.077 [Gauge] [DEBUG] Api Request Received: messageType:GetStepValueRequest messageId:4 stepValueRequest:<stepText:"Done butonuna t\304\261kla" > 
02-06-2021 22:25:44.077 [Gauge] [DEBUG] Sending API response: messageType:GetStepValueResponse messageId:4 stepValueResponse:<stepValue:<stepValue:"Done butonuna t\304\261kla" parameterizedStepValue:"Done butonuna t\304\261kla" > > 
02-06-2021 22:25:44.077 [Gauge] [DEBUG] Api Request Received: messageType:GetStepValueRequest messageId:4 stepValueRequest:<stepText:"U\303\247u\305\237 sayfas\304\261n\304\261 kontrol et" > 
02-06-2021 22:25:44.077 [Gauge] [DEBUG] Sending API response: messageType:GetStepValueResponse messageId:4 stepValueResponse:<stepValue:<stepValue:"U\303\247u\305\237 sayfas\304\261n\304\261 kontrol et" parameterizedStepValue:"U\303\247u\305\237 sayfas\304\261n\304\261 kontrol et" > > 
02-06-2021 22:25:44.077 [Gauge] [DEBUG] Api Request Received: messageType:GetStepValueRequest messageId:4 stepValueRequest:<stepText:"Gidi\305\237 Y\303\266n\303\274n\303\274 se\303\247" > 
02-06-2021 22:25:44.077 [Gauge] [DEBUG] Sending API response: messageType:GetStepValueResponse messageId:4 stepValueResponse:<stepValue:<stepValue:"Gidi\305\237 Y\303\266n\303\274n\303\274 se\303\247" parameterizedStepValue:"Gidi\305\237 Y\303\266n\303\274n\303\274 se\303\247" > > 
02-06-2021 22:25:44.078 [Gauge] [DEBUG] Api Request Received: messageType:GetStepValueRequest messageId:4 stepValueRequest:<stepText:"U\303\247u\305\237 ara" > 
02-06-2021 22:25:44.078 [Gauge] [DEBUG] Sending API response: messageType:GetStepValueResponse messageId:4 stepValueResponse:<stepValue:<stepValue:"U\303\247u\305\237 ara" parameterizedStepValue:"U\303\247u\305\237 ara" > > 
02-06-2021 22:25:44.139 [Gauge] [DEBUG] Validation completed.
02-06-2021 22:25:44.140 [Gauge] [DEBUG] Run started
02-06-2021 22:25:44.141 [Gauge] [DEBUG] Starting Html Report plugin
02-06-2021 22:25:44.173 [Gauge] [DEBUG] Attempting to connect to grpc server at port: 58815
02-06-2021 22:25:44.176 [Gauge] [DEBUG] Successfully made the connection with plugin with port: 58815
02-06-2021 22:25:44.176 [Gauge] [DEBUG] Initialising suite data store.
02-06-2021 22:25:59.610 [html-report] [DEBUG] Transformed SuiteResult to report structure
02-06-2021 22:25:59.651 [html-report] [INFO] Successfully generated html-report to => C:\Users\testinium\IdeaProjects\AppiumOdev\reports\html-report\index.html
02-06-2021 22:25:59.651 [html-report] [DEBUG] Done generating HTML report using theme from C:\Users\testinium\AppData\Roaming\gauge\plugins\html-report\4.0.9\themes\default
02-06-2021 22:25:59.651 [Gauge] [DEBUG] Sending kill message to Html Report plugin.
02-06-2021 22:25:59.653 [Gauge] [DEBUG] Sending kill message to runner.
02-06-2021 22:25:59.838 [Gauge] [INFO] Closing connection [127.0.0.1:60163] cause: read tcp 127.0.0.1:60159->127.0.0.1:60163: wsarecv: An existing connection was forcibly closed by the remote host.
02-06-2021 22:25:59.955 [Gauge] [DEBUG] Runner with PID:17128 has exited
02-06-2021 22:25:59.955 [Gauge] [INFO] Specifications:	1 executed	0 passed	1 failed	0 skipped
02-06-2021 22:25:59.955 [Gauge] [INFO] Scenarios:	1 executed	0 passed	1 failed	0 skipped
02-06-2021 22:25:59.955 [Gauge] [INFO] 
Total time taken: 15.465s
02-06-2021 22:25:59.956 [Gauge] [INFO] Updates are available. Run `gauge update -c` for more info.
02-06-2021 22:36:21.862 [Gauge] [DEBUG] Created gauge_screenshots_dir at C:\Users\testinium\IdeaProjects\AppiumOdev\.gauge\screenshots
02-06-2021 22:36:21.898 [Gauge] [DEBUG] Plugin java is already installed.
02-06-2021 22:36:21.902 [Gauge] [DEBUG] Plugin html-report is already installed.
02-06-2021 22:36:21.904 [Gauge] [DEBUG] Parsing started.
02-06-2021 22:36:21.904 [Gauge] [DEBUG] Started concepts parsing.
02-06-2021 22:36:21.912 [Gauge] [DEBUG] 9 concepts parsing completed.
02-06-2021 22:36:21.913 [Gauge] [DEBUG] Started specifications parsing.
02-06-2021 22:36:21.913 [Gauge] [DEBUG] 1 specifications parsing completed.
02-06-2021 22:36:21.914 [Gauge] [DEBUG] Parsing completed.
02-06-2021 22:36:21.923 [Gauge] [DEBUG] Staring java runner
02-06-2021 22:36:21.983 [java] [DEBUG] classpath set to C:\Program Files\Java\jdk1.8.0_291\jre\lib\charsets.jar;C:\Program Files\Java\jdk1.8.0_291\jre\lib\deploy.jar;C:\Program Files\Java\jdk1.8.0_291\jre\lib\ext\access-bridge-64.jar;C:\Program Files\Java\jdk1.8.0_291\jre\lib\ext\cldrdata.jar;C:\Program Files\Java\jdk1.8.0_291\jre\lib\ext\dnsns.jar;C:\Program Files\Java\jdk1.8.0_291\jre\lib\ext\jaccess.jar;C:\Program Files\Java\jdk1.8.0_291\jre\lib\ext\jfxrt.jar;C:\Program Files\Java\jdk1.8.0_291\jre\lib\ext\localedata.jar;C:\Program Files\Java\jdk1.8.0_291\jre\lib\ext\nashorn.jar;C:\Program Files\Java\jdk1.8.0_291\jre\lib\ext\sunec.jar;C:\Program Files\Java\jdk1.8.0_291\jre\lib\ext\sunjce_provider.jar;C:\Program Files\Java\jdk1.8.0_291\jre\lib\ext\sunmscapi.jar;C:\Program Files\Java\jdk1.8.0_291\jre\lib\ext\sunpkcs11.jar;C:\Program Files\Java\jdk1.8.0_291\jre\lib\ext\zipfs.jar;C:\Program Files\Java\jdk1.8.0_291\jre\lib\javaws.jar;C:\Program Files\Java\jdk1.8.0_291\jre\lib\jce.jar;C:\Program Files\Java\jdk1.8.0_291\jre\lib\jfr.jar;C:\Program Files\Java\jdk1.8.0_291\jre\lib\jfxswt.jar;C:\Program Files\Java\jdk1.8.0_291\jre\lib\jsse.jar;C:\Program Files\Java\jdk1.8.0_291\jre\lib\management-agent.jar;C:\Program Files\Java\jdk1.8.0_291\jre\lib\plugin.jar;C:\Program Files\Java\jdk1.8.0_291\jre\lib\resources.jar;C:\Program Files\Java\jdk1.8.0_291\jre\lib\rt.jar;C:\Users\testinium\IdeaProjects\AppiumOdev\target\test-classes;C:\Users\testinium\.m2\repository\com\thoughtworks\gauge\gauge-java\0.6.0\gauge-java-0.6.0.jar;C:\Users\testinium\.m2\repository\org\reflections\reflections\0.9.10\reflections-0.9.10.jar;C:\Users\testinium\.m2\repository\org\javassist\javassist\3.19.0-GA\javassist-3.19.0-GA.jar;C:\Users\testinium\.m2\repository\com\google\code\findbugs\annotations\2.0.1\annotations-2.0.1.jar;C:\Users\testinium\.m2\repository\com\github\javaparser\javaparser-core\2.3.0\javaparser-core-2.3.0.jar;C:\Users\testinium\.m2\repository\org\hamcrest\hamcrest-core\1.3\hamcrest-core-1.3.jar;C:\Users\testinium\.m2\repository\org\hamcrest\hamcrest-library\1.3\hamcrest-library-1.3.jar;C:\Users\testinium\.m2\repository\commons-io\commons-io\2.4\commons-io-2.4.jar;C:\Users\testinium\.m2\repository\commons-lang\commons-lang\2.6\commons-lang-2.6.jar;C:\Users\testinium\.m2\repository\com\google\protobuf\protobuf-java\3.1.0\protobuf-java-3.1.0.jar;C:\Users\testinium\.m2\repository\junit\junit\4.12\junit-4.12.jar;C:\Users\testinium\.m2\repository\io\appium\java-client\7.5.1\java-client-7.5.1.jar;C:\Users\testinium\.m2\repository\org\seleniumhq\selenium\selenium-support\3.141.59\selenium-support-3.141.59.jar;C:\Users\testinium\.m2\repository\org\seleniumhq\selenium\selenium-api\3.141.59\selenium-api-3.141.59.jar;C:\Users\testinium\.m2\repository\org\apache\httpcomponents\httpclient\4.5.13\httpclient-4.5.13.jar;C:\Users\testinium\.m2\repository\org\apache\httpcomponents\httpcore\4.4.13\httpcore-4.4.13.jar;C:\Users\testinium\.m2\repository\commons-logging\commons-logging\1.2\commons-logging-1.2.jar;C:\Users\testinium\.m2\repository\commons-codec\commons-codec\1.11\commons-codec-1.11.jar;C:\Users\testinium\.m2\repository\cglib\cglib\3.3.0\cglib-3.3.0.jar;C:\Users\testinium\.m2\repository\org\ow2\asm\asm\7.1\asm-7.1.jar;C:\Users\testinium\.m2\repository\commons-validator\commons-validator\1.7\commons-validator-1.7.jar;C:\Users\testinium\.m2\repository\commons-beanutils\commons-beanutils\1.9.4\commons-beanutils-1.9.4.jar;C:\Users\testinium\.m2\repository\commons-digester\commons-digester\2.1\commons-digester-2.1.jar;C:\Users\testinium\.m2\repository\commons-collections\commons-collections\3.2.2\commons-collections-3.2.2.jar;C:\Users\testinium\.m2\repository\org\apache\commons\commons-lang3\3.12.0\commons-lang3-3.12.0.jar;C:\Users\testinium\.m2\repository\org\springframework\spring-context\5.3.4\spring-context-5.3.4.jar;C:\Users\testinium\.m2\repository\org\springframework\spring-aop\5.3.4\spring-aop-5.3.4.jar;C:\Users\testinium\.m2\repository\org\springframework\spring-beans\5.3.4\spring-beans-5.3.4.jar;C:\Users\testinium\.m2\repository\org\springframework\spring-core\5.3.4\spring-core-5.3.4.jar;C:\Users\testinium\.m2\repository\org\springframework\spring-jcl\5.3.4\spring-jcl-5.3.4.jar;C:\Users\testinium\.m2\repository\org\springframework\spring-expression\5.3.4\spring-expression-5.3.4.jar;C:\Users\testinium\.m2\repository\org\aspectj\aspectjweaver\1.9.6\aspectjweaver-1.9.6.jar;C:\Users\testinium\.m2\repository\org\slf4j\slf4j-api\1.7.30\slf4j-api-1.7.30.jar;C:\Users\testinium\.m2\repository\org\seleniumhq\selenium\selenium-java\3.141.59\selenium-java-3.141.59.jar;C:\Users\testinium\.m2\repository\org\seleniumhq\selenium\selenium-chrome-driver\3.141.59\selenium-chrome-driver-3.141.59.jar;C:\Users\testinium\.m2\repository\org\seleniumhq\selenium\selenium-edge-driver\3.141.59\selenium-edge-driver-3.141.59.jar;C:\Users\testinium\.m2\repository\org\seleniumhq\selenium\selenium-firefox-driver\3.141.59\selenium-firefox-driver-3.141.59.jar;C:\Users\testinium\.m2\repository\org\seleniumhq\selenium\selenium-ie-driver\3.141.59\selenium-ie-driver-3.141.59.jar;C:\Users\testinium\.m2\repository\org\seleniumhq\selenium\selenium-opera-driver\3.141.59\selenium-opera-driver-3.141.59.jar;C:\Users\testinium\.m2\repository\org\seleniumhq\selenium\selenium-remote-driver\3.141.59\selenium-remote-driver-3.141.59.jar;C:\Users\testinium\.m2\repository\org\seleniumhq\selenium\selenium-safari-driver\3.141.59\selenium-safari-driver-3.141.59.jar;C:\Users\testinium\.m2\repository\net\bytebuddy\byte-buddy\1.8.15\byte-buddy-1.8.15.jar;C:\Users\testinium\.m2\repository\org\apache\commons\commons-exec\1.3\commons-exec-1.3.jar;C:\Users\testinium\.m2\repository\com\google\guava\guava\25.0-jre\guava-25.0-jre.jar;C:\Users\testinium\.m2\repository\com\google\code\findbugs\jsr305\1.3.9\jsr305-1.3.9.jar;C:\Users\testinium\.m2\repository\org\checkerframework\checker-compat-qual\2.0.0\checker-compat-qual-2.0.0.jar;C:\Users\testinium\.m2\repository\com\google\errorprone\error_prone_annotations\2.1.3\error_prone_annotations-2.1.3.jar;C:\Users\testinium\.m2\repository\com\google\j2objc\j2objc-annotations\1.1\j2objc-annotations-1.1.jar;C:\Users\testinium\.m2\repository\org\codehaus\mojo\animal-sniffer-annotations\1.14\animal-sniffer-annotations-1.14.jar;C:\Users\testinium\.m2\repository\com\squareup\okhttp3\okhttp\3.11.0\okhttp-3.11.0.jar;C:\Users\testinium\.m2\repository\com\squareup\okio\okio\1.14.0\okio-1.14.0.jar;C:\Users\testinium\.m2\repository\com\google\code\gson\gson\2.8.5\gson-2.8.5.jar
02-06-2021 22:36:22.334 [Gauge] [DEBUG] Established connection to runner.
02-06-2021 22:36:22.335 [Gauge] [DEBUG] Validation started.
02-06-2021 22:36:22.447 [Gauge] [DEBUG] Checking updates...
02-06-2021 22:36:22.451 [Gauge] [DEBUG] Downloading https://downloads.gauge.org/plugin/flash?l=java&p=flash,html-report,java,screenshot,spectacle,xml-report&o=windows&a=386
02-06-2021 22:36:22.976 [Gauge] [DEBUG] Downloading https://downloads.gauge.org/plugin/html-report?l=java&p=flash,html-report,java,screenshot,spectacle,xml-report&o=windows&a=386
02-06-2021 22:36:23.154 [Gauge] [DEBUG] Downloading https://downloads.gauge.org/plugin/java?l=java&p=flash,html-report,java,screenshot,spectacle,xml-report&o=windows&a=386
02-06-2021 22:36:23.376 [Gauge] [DEBUG] Downloading https://downloads.gauge.org/plugin/screenshot?l=java&p=flash,html-report,java,screenshot,spectacle,xml-report&o=windows&a=386
02-06-2021 22:36:23.604 [Gauge] [DEBUG] Downloading https://downloads.gauge.org/plugin/spectacle?l=java&p=flash,html-report,java,screenshot,spectacle,xml-report&o=windows&a=386
02-06-2021 22:36:23.838 [Gauge] [DEBUG] Downloading https://downloads.gauge.org/plugin/xml-report?l=java&p=flash,html-report,java,screenshot,spectacle,xml-report&o=windows&a=386
02-06-2021 22:36:26.280 [Gauge] [DEBUG] Api Request Received: messageType:GetStepValueRequest messageId:4 stepValueRequest:<stepText:"Allow Butonuna t\304\261kla" > 
02-06-2021 22:36:26.280 [Gauge] [DEBUG] Sending API response: messageType:GetStepValueResponse messageId:4 stepValueResponse:<stepValue:<stepValue:"Allow Butonuna t\304\261kla" parameterizedStepValue:"Allow Butonuna t\304\261kla" > > 
02-06-2021 22:36:26.288 [Gauge] [DEBUG] Api Request Received: messageType:GetStepValueRequest messageId:4 stepValueRequest:<stepText:"Book A Flight Butonuna t\304\261kla" > 
02-06-2021 22:36:26.288 [Gauge] [DEBUG] Sending API response: messageType:GetStepValueResponse messageId:4 stepValueResponse:<stepValue:<stepValue:"Book A Flight Butonuna t\304\261kla" parameterizedStepValue:"Book A Flight Butonuna t\304\261kla" > > 
02-06-2021 22:36:26.288 [Gauge] [DEBUG] Api Request Received: messageType:GetStepValueRequest messageId:4 stepValueRequest:<stepText:"U\303\247u\305\237 tarihini se\303\247" > 
02-06-2021 22:36:26.288 [Gauge] [DEBUG] Sending API response: messageType:GetStepValueResponse messageId:4 stepValueResponse:<stepValue:<stepValue:"U\303\247u\305\237 tarihini se\303\247" parameterizedStepValue:"U\303\247u\305\237 tarihini se\303\247" > > 
02-06-2021 22:36:26.288 [Gauge] [DEBUG] Api Request Received: messageType:GetStepValueRequest messageId:4 stepValueRequest:<stepText:"Tek Y\303\266n U\303\247u\305\237 se\303\247" > 
02-06-2021 22:36:26.288 [Gauge] [DEBUG] Sending API response: messageType:GetStepValueResponse messageId:4 stepValueResponse:<stepValue:<stepValue:"Tek Y\303\266n U\303\247u\305\237 se\303\247" parameterizedStepValue:"Tek Y\303\266n U\303\247u\305\237 se\303\247" > > 
02-06-2021 22:36:26.289 [Gauge] [DEBUG] Api Request Received: messageType:GetStepValueRequest messageId:4 stepValueRequest:<stepText:"Done butonuna t\304\261kla" > 
02-06-2021 22:36:26.289 [Gauge] [DEBUG] Sending API response: messageType:GetStepValueResponse messageId:4 stepValueResponse:<stepValue:<stepValue:"Done butonuna t\304\261kla" parameterizedStepValue:"Done butonuna t\304\261kla" > > 
02-06-2021 22:36:26.289 [Gauge] [DEBUG] Api Request Received: messageType:GetStepValueRequest messageId:4 stepValueRequest:<stepText:"U\303\247u\305\237 sayfas\304\261n\304\261 kontrol et" > 
02-06-2021 22:36:26.289 [Gauge] [DEBUG] Sending API response: messageType:GetStepValueResponse messageId:4 stepValueResponse:<stepValue:<stepValue:"U\303\247u\305\237 sayfas\304\261n\304\261 kontrol et" parameterizedStepValue:"U\303\247u\305\237 sayfas\304\261n\304\261 kontrol et" > > 
02-06-2021 22:36:26.289 [Gauge] [DEBUG] Api Request Received: messageType:GetStepValueRequest messageId:4 stepValueRequest:<stepText:"Ekonomik U\303\247u\305\237u se\303\247" > 
02-06-2021 22:36:26.289 [Gauge] [DEBUG] Sending API response: messageType:GetStepValueResponse messageId:4 stepValueResponse:<stepValue:<stepValue:"Ekonomik U\303\247u\305\237u se\303\247" parameterizedStepValue:"Ekonomik U\303\247u\305\237u se\303\247" > > 
02-06-2021 22:36:26.289 [Gauge] [DEBUG] Api Request Received: messageType:GetStepValueRequest messageId:4 stepValueRequest:<stepText:"Gidi\305\237 Y\303\266n\303\274n\303\274 <key> olarak se\303\247" > 
02-06-2021 22:36:26.289 [Gauge] [DEBUG] Sending API response: messageType:GetStepValueResponse messageId:4 stepValueResponse:<stepValue:<stepValue:"Gidi\305\237 Y\303\266n\303\274n\303\274 {} olarak se\303\247" parameterizedStepValue:"Gidi\305\237 Y\303\266n\303\274n\303\274 <key> olarak se\303\247" parameters:"key" > > 
02-06-2021 22:36:26.291 [Gauge] [DEBUG] Api Request Received: messageType:GetStepValueRequest messageId:4 stepValueRequest:<stepText:"Cookies Accept Butonuna t\304\261kla" > 
02-06-2021 22:36:26.291 [Gauge] [DEBUG] Sending API response: messageType:GetStepValueResponse messageId:4 stepValueResponse:<stepValue:<stepValue:"Cookies Accept Butonuna t\304\261kla" parameterizedStepValue:"Cookies Accept Butonuna t\304\261kla" > > 
02-06-2021 22:36:26.292 [Gauge] [DEBUG] Api Request Received: messageType:GetStepValueRequest messageId:4 stepValueRequest:<stepText:"Var\304\261\305\237 yerini <key> olarak se\303\247" > 
02-06-2021 22:36:26.292 [Gauge] [DEBUG] Sending API response: messageType:GetStepValueResponse messageId:4 stepValueResponse:<stepValue:<stepValue:"Var\304\261\305\237 yerini {} olarak se\303\247" parameterizedStepValue:"Var\304\261\305\237 yerini <key> olarak se\303\247" parameters:"key" > > 
02-06-2021 22:36:26.292 [Gauge] [DEBUG] Api Request Received: messageType:GetStepValueRequest messageId:4 stepValueRequest:<stepText:"Ki\305\237i say\304\261s\304\261n\304\261 <key> art\304\261r" > 
02-06-2021 22:36:26.292 [Gauge] [DEBUG] Sending API response: messageType:GetStepValueResponse messageId:4 stepValueResponse:<stepValue:<stepValue:"Ki\305\237i say\304\261s\304\261n\304\261 {} art\304\261r" parameterizedStepValue:"Ki\305\237i say\304\261s\304\261n\304\261 <key> art\304\261r" parameters:"key" > > 
02-06-2021 22:36:26.292 [Gauge] [DEBUG] Api Request Received: messageType:GetStepValueRequest messageId:4 stepValueRequest:<stepText:"<seconds> saniye bekle" > 
02-06-2021 22:36:26.292 [Gauge] [DEBUG] Sending API response: messageType:GetStepValueResponse messageId:4 stepValueResponse:<stepValue:<stepValue:"{} saniye bekle" parameterizedStepValue:"<seconds> saniye bekle" parameters:"seconds" > > 
02-06-2021 22:36:26.292 [Gauge] [DEBUG] Api Request Received: messageType:GetStepValueRequest messageId:4 stepValueRequest:<stepText:"Gidi\305\237 Y\303\266n\303\274n\303\274 se\303\247" > 
02-06-2021 22:36:26.292 [Gauge] [DEBUG] Sending API response: messageType:GetStepValueResponse messageId:4 stepValueResponse:<stepValue:<stepValue:"Gidi\305\237 Y\303\266n\303\274n\303\274 se\303\247" parameterizedStepValue:"Gidi\305\237 Y\303\266n\303\274n\303\274 se\303\247" > > 
02-06-2021 22:36:26.292 [Gauge] [DEBUG] Api Request Received: messageType:GetStepValueRequest messageId:4 stepValueRequest:<stepText:"U\303\247u\305\237 ara" > 
02-06-2021 22:36:26.293 [Gauge] [DEBUG] Sending API response: messageType:GetStepValueResponse messageId:4 stepValueResponse:<stepValue:<stepValue:"U\303\247u\305\237 ara" parameterizedStepValue:"U\303\247u\305\237 ara" > > 
02-06-2021 22:36:26.340 [Gauge] [DEBUG] Validation completed.
02-06-2021 22:36:26.341 [Gauge] [DEBUG] Run started
02-06-2021 22:36:26.342 [Gauge] [DEBUG] Starting Html Report plugin
02-06-2021 22:36:26.374 [Gauge] [DEBUG] Attempting to connect to grpc server at port: 49804
02-06-2021 22:36:26.377 [Gauge] [DEBUG] Successfully made the connection with plugin with port: 49804
02-06-2021 22:36:26.377 [Gauge] [DEBUG] Initialising suite data store.
02-06-2021 22:36:39.168 [html-report] [DEBUG] Transformed SuiteResult to report structure
02-06-2021 22:36:39.225 [html-report] [INFO] Successfully generated html-report to => C:\Users\testinium\IdeaProjects\AppiumOdev\reports\html-report\index.html
02-06-2021 22:36:39.225 [html-report] [DEBUG] Done generating HTML report using theme from C:\Users\testinium\AppData\Roaming\gauge\plugins\html-report\4.0.9\themes\default
02-06-2021 22:36:39.225 [Gauge] [DEBUG] Sending kill message to Html Report plugin.
02-06-2021 22:36:39.226 [Gauge] [DEBUG] Sending kill message to runner.
02-06-2021 22:36:39.423 [Gauge] [INFO] Closing connection [127.0.0.1:51222] cause: read tcp 127.0.0.1:60168->127.0.0.1:51222: wsarecv: An existing connection was forcibly closed by the remote host.
02-06-2021 22:36:39.528 [Gauge] [DEBUG] Runner with PID:4200 has exited
02-06-2021 22:36:39.528 [Gauge] [INFO] Specifications:	1 executed	0 passed	1 failed	0 skipped
02-06-2021 22:36:39.528 [Gauge] [INFO] Scenarios:	1 executed	0 passed	1 failed	0 skipped
02-06-2021 22:36:39.528 [Gauge] [INFO] 
Total time taken: 12.823s
02-06-2021 22:36:39.530 [Gauge] [INFO] Updates are available. Run `gauge update -c` for more info.
02-06-2021 22:38:44.072 [Gauge] [DEBUG] Created gauge_screenshots_dir at C:\Users\testinium\IdeaProjects\AppiumOdev\.gauge\screenshots
02-06-2021 22:38:44.078 [Gauge] [DEBUG] Plugin java is already installed.
02-06-2021 22:38:44.079 [Gauge] [DEBUG] Plugin html-report is already installed.
02-06-2021 22:38:44.080 [Gauge] [DEBUG] Parsing started.
02-06-2021 22:38:44.080 [Gauge] [DEBUG] Started concepts parsing.
02-06-2021 22:38:44.090 [Gauge] [DEBUG] 9 concepts parsing completed.
02-06-2021 22:38:44.091 [Gauge] [DEBUG] Started specifications parsing.
02-06-2021 22:38:44.092 [Gauge] [DEBUG] 1 specifications parsing completed.
02-06-2021 22:38:44.092 [Gauge] [DEBUG] Parsing completed.
02-06-2021 22:38:44.095 [Gauge] [DEBUG] Staring java runner
02-06-2021 22:38:44.138 [java] [DEBUG] classpath set to C:\Program Files\Java\jdk1.8.0_291\jre\lib\charsets.jar;C:\Program Files\Java\jdk1.8.0_291\jre\lib\deploy.jar;C:\Program Files\Java\jdk1.8.0_291\jre\lib\ext\access-bridge-64.jar;C:\Program Files\Java\jdk1.8.0_291\jre\lib\ext\cldrdata.jar;C:\Program Files\Java\jdk1.8.0_291\jre\lib\ext\dnsns.jar;C:\Program Files\Java\jdk1.8.0_291\jre\lib\ext\jaccess.jar;C:\Program Files\Java\jdk1.8.0_291\jre\lib\ext\jfxrt.jar;C:\Program Files\Java\jdk1.8.0_291\jre\lib\ext\localedata.jar;C:\Program Files\Java\jdk1.8.0_291\jre\lib\ext\nashorn.jar;C:\Program Files\Java\jdk1.8.0_291\jre\lib\ext\sunec.jar;C:\Program Files\Java\jdk1.8.0_291\jre\lib\ext\sunjce_provider.jar;C:\Program Files\Java\jdk1.8.0_291\jre\lib\ext\sunmscapi.jar;C:\Program Files\Java\jdk1.8.0_291\jre\lib\ext\sunpkcs11.jar;C:\Program Files\Java\jdk1.8.0_291\jre\lib\ext\zipfs.jar;C:\Program Files\Java\jdk1.8.0_291\jre\lib\javaws.jar;C:\Program Files\Java\jdk1.8.0_291\jre\lib\jce.jar;C:\Program Files\Java\jdk1.8.0_291\jre\lib\jfr.jar;C:\Program Files\Java\jdk1.8.0_291\jre\lib\jfxswt.jar;C:\Program Files\Java\jdk1.8.0_291\jre\lib\jsse.jar;C:\Program Files\Java\jdk1.8.0_291\jre\lib\management-agent.jar;C:\Program Files\Java\jdk1.8.0_291\jre\lib\plugin.jar;C:\Program Files\Java\jdk1.8.0_291\jre\lib\resources.jar;C:\Program Files\Java\jdk1.8.0_291\jre\lib\rt.jar;C:\Users\testinium\IdeaProjects\AppiumOdev\target\test-classes;C:\Users\testinium\.m2\repository\com\thoughtworks\gauge\gauge-java\0.6.0\gauge-java-0.6.0.jar;C:\Users\testinium\.m2\repository\org\reflections\reflections\0.9.10\reflections-0.9.10.jar;C:\Users\testinium\.m2\repository\org\javassist\javassist\3.19.0-GA\javassist-3.19.0-GA.jar;C:\Users\testinium\.m2\repository\com\google\code\findbugs\annotations\2.0.1\annotations-2.0.1.jar;C:\Users\testinium\.m2\repository\com\github\javaparser\javaparser-core\2.3.0\javaparser-core-2.3.0.jar;C:\Users\testinium\.m2\repository\org\hamcrest\hamcrest-core\1.3\hamcrest-core-1.3.jar;C:\Users\testinium\.m2\repository\org\hamcrest\hamcrest-library\1.3\hamcrest-library-1.3.jar;C:\Users\testinium\.m2\repository\commons-io\commons-io\2.4\commons-io-2.4.jar;C:\Users\testinium\.m2\repository\commons-lang\commons-lang\2.6\commons-lang-2.6.jar;C:\Users\testinium\.m2\repository\com\google\protobuf\protobuf-java\3.1.0\protobuf-java-3.1.0.jar;C:\Users\testinium\.m2\repository\junit\junit\4.12\junit-4.12.jar;C:\Users\testinium\.m2\repository\io\appium\java-client\7.5.1\java-client-7.5.1.jar;C:\Users\testinium\.m2\repository\org\seleniumhq\selenium\selenium-support\3.141.59\selenium-support-3.141.59.jar;C:\Users\testinium\.m2\repository\org\seleniumhq\selenium\selenium-api\3.141.59\selenium-api-3.141.59.jar;C:\Users\testinium\.m2\repository\org\apache\httpcomponents\httpclient\4.5.13\httpclient-4.5.13.jar;C:\Users\testinium\.m2\repository\org\apache\httpcomponents\httpcore\4.4.13\httpcore-4.4.13.jar;C:\Users\testinium\.m2\repository\commons-logging\commons-logging\1.2\commons-logging-1.2.jar;C:\Users\testinium\.m2\repository\commons-codec\commons-codec\1.11\commons-codec-1.11.jar;C:\Users\testinium\.m2\repository\cglib\cglib\3.3.0\cglib-3.3.0.jar;C:\Users\testinium\.m2\repository\org\ow2\asm\asm\7.1\asm-7.1.jar;C:\Users\testinium\.m2\repository\commons-validator\commons-validator\1.7\commons-validator-1.7.jar;C:\Users\testinium\.m2\repository\commons-beanutils\commons-beanutils\1.9.4\commons-beanutils-1.9.4.jar;C:\Users\testinium\.m2\repository\commons-digester\commons-digester\2.1\commons-digester-2.1.jar;C:\Users\testinium\.m2\repository\commons-collections\commons-collections\3.2.2\commons-collections-3.2.2.jar;C:\Users\testinium\.m2\repository\org\apache\commons\commons-lang3\3.12.0\commons-lang3-3.12.0.jar;C:\Users\testinium\.m2\repository\org\springframework\spring-context\5.3.4\spring-context-5.3.4.jar;C:\Users\testinium\.m2\repository\org\springframework\spring-aop\5.3.4\spring-aop-5.3.4.jar;C:\Users\testinium\.m2\repository\org\springframework\spring-beans\5.3.4\spring-beans-5.3.4.jar;C:\Users\testinium\.m2\repository\org\springframework\spring-core\5.3.4\spring-core-5.3.4.jar;C:\Users\testinium\.m2\repository\org\springframework\spring-jcl\5.3.4\spring-jcl-5.3.4.jar;C:\Users\testinium\.m2\repository\org\springframework\spring-expression\5.3.4\spring-expression-5.3.4.jar;C:\Users\testinium\.m2\repository\org\aspectj\aspectjweaver\1.9.6\aspectjweaver-1.9.6.jar;C:\Users\testinium\.m2\repository\org\slf4j\slf4j-api\1.7.30\slf4j-api-1.7.30.jar;C:\Users\testinium\.m2\repository\org\seleniumhq\selenium\selenium-java\3.141.59\selenium-java-3.141.59.jar;C:\Users\testinium\.m2\repository\org\seleniumhq\selenium\selenium-chrome-driver\3.141.59\selenium-chrome-driver-3.141.59.jar;C:\Users\testinium\.m2\repository\org\seleniumhq\selenium\selenium-edge-driver\3.141.59\selenium-edge-driver-3.141.59.jar;C:\Users\testinium\.m2\repository\org\seleniumhq\selenium\selenium-firefox-driver\3.141.59\selenium-firefox-driver-3.141.59.jar;C:\Users\testinium\.m2\repository\org\seleniumhq\selenium\selenium-ie-driver\3.141.59\selenium-ie-driver-3.141.59.jar;C:\Users\testinium\.m2\repository\org\seleniumhq\selenium\selenium-opera-driver\3.141.59\selenium-opera-driver-3.141.59.jar;C:\Users\testinium\.m2\repository\org\seleniumhq\selenium\selenium-remote-driver\3.141.59\selenium-remote-driver-3.141.59.jar;C:\Users\testinium\.m2\repository\org\seleniumhq\selenium\selenium-safari-driver\3.141.59\selenium-safari-driver-3.141.59.jar;C:\Users\testinium\.m2\repository\net\bytebuddy\byte-buddy\1.8.15\byte-buddy-1.8.15.jar;C:\Users\testinium\.m2\repository\org\apache\commons\commons-exec\1.3\commons-exec-1.3.jar;C:\Users\testinium\.m2\repository\com\google\guava\guava\25.0-jre\guava-25.0-jre.jar;C:\Users\testinium\.m2\repository\com\google\code\findbugs\jsr305\1.3.9\jsr305-1.3.9.jar;C:\Users\testinium\.m2\repository\org\checkerframework\checker-compat-qual\2.0.0\checker-compat-qual-2.0.0.jar;C:\Users\testinium\.m2\repository\com\google\errorprone\error_prone_annotations\2.1.3\error_prone_annotations-2.1.3.jar;C:\Users\testinium\.m2\repository\com\google\j2objc\j2objc-annotations\1.1\j2objc-annotations-1.1.jar;C:\Users\testinium\.m2\repository\org\codehaus\mojo\animal-sniffer-annotations\1.14\animal-sniffer-annotations-1.14.jar;C:\Users\testinium\.m2\repository\com\squareup\okhttp3\okhttp\3.11.0\okhttp-3.11.0.jar;C:\Users\testinium\.m2\repository\com\squareup\okio\okio\1.14.0\okio-1.14.0.jar;C:\Users\testinium\.m2\repository\com\google\code\gson\gson\2.8.5\gson-2.8.5.jar
02-06-2021 22:38:44.414 [Gauge] [DEBUG] Established connection to runner.
02-06-2021 22:38:44.416 [Gauge] [DEBUG] Validation started.
02-06-2021 22:38:44.996 [Gauge] [DEBUG] Checking updates...
02-06-2021 22:38:44.999 [Gauge] [DEBUG] Downloading https://downloads.gauge.org/plugin/flash?l=java&p=flash,html-report,java,screenshot,spectacle,xml-report&o=windows&a=386
02-06-2021 22:38:45.642 [Gauge] [DEBUG] Downloading https://downloads.gauge.org/plugin/html-report?l=java&p=flash,html-report,java,screenshot,spectacle,xml-report&o=windows&a=386
02-06-2021 22:38:45.841 [Gauge] [DEBUG] Downloading https://downloads.gauge.org/plugin/java?l=java&p=flash,html-report,java,screenshot,spectacle,xml-report&o=windows&a=386
02-06-2021 22:38:46.035 [Gauge] [DEBUG] Downloading https://downloads.gauge.org/plugin/screenshot?l=java&p=flash,html-report,java,screenshot,spectacle,xml-report&o=windows&a=386
02-06-2021 22:38:46.259 [Gauge] [DEBUG] Downloading https://downloads.gauge.org/plugin/spectacle?l=java&p=flash,html-report,java,screenshot,spectacle,xml-report&o=windows&a=386
02-06-2021 22:38:46.492 [Gauge] [DEBUG] Downloading https://downloads.gauge.org/plugin/xml-report?l=java&p=flash,html-report,java,screenshot,spectacle,xml-report&o=windows&a=386
02-06-2021 22:38:47.868 [Gauge] [DEBUG] Api Request Received: messageType:GetStepValueRequest messageId:4 stepValueRequest:<stepText:"Allow Butonuna t\304\261kla" > 
02-06-2021 22:38:47.868 [Gauge] [DEBUG] Sending API response: messageType:GetStepValueResponse messageId:4 stepValueResponse:<stepValue:<stepValue:"Allow Butonuna t\304\261kla" parameterizedStepValue:"Allow Butonuna t\304\261kla" > > 
02-06-2021 22:38:47.877 [Gauge] [DEBUG] Api Request Received: messageType:GetStepValueRequest messageId:4 stepValueRequest:<stepText:"Book A Flight Butonuna t\304\261kla" > 
02-06-2021 22:38:47.877 [Gauge] [DEBUG] Sending API response: messageType:GetStepValueResponse messageId:4 stepValueResponse:<stepValue:<stepValue:"Book A Flight Butonuna t\304\261kla" parameterizedStepValue:"Book A Flight Butonuna t\304\261kla" > > 
02-06-2021 22:38:47.880 [Gauge] [DEBUG] Api Request Received: messageType:GetStepValueRequest messageId:4 stepValueRequest:<stepText:"U\303\247u\305\237 tarihini se\303\247" > 
02-06-2021 22:38:47.880 [Gauge] [DEBUG] Sending API response: messageType:GetStepValueResponse messageId:4 stepValueResponse:<stepValue:<stepValue:"U\303\247u\305\237 tarihini se\303\247" parameterizedStepValue:"U\303\247u\305\237 tarihini se\303\247" > > 
02-06-2021 22:38:47.880 [Gauge] [DEBUG] Api Request Received: messageType:GetStepValueRequest messageId:4 stepValueRequest:<stepText:"Tek Y\303\266n U\303\247u\305\237 se\303\247" > 
02-06-2021 22:38:47.880 [Gauge] [DEBUG] Sending API response: messageType:GetStepValueResponse messageId:4 stepValueResponse:<stepValue:<stepValue:"Tek Y\303\266n U\303\247u\305\237 se\303\247" parameterizedStepValue:"Tek Y\303\266n U\303\247u\305\237 se\303\247" > > 
02-06-2021 22:38:47.880 [Gauge] [DEBUG] Api Request Received: messageType:GetStepValueRequest messageId:4 stepValueRequest:<stepText:"Done butonuna t\304\261kla" > 
02-06-2021 22:38:47.880 [Gauge] [DEBUG] Sending API response: messageType:GetStepValueResponse messageId:4 stepValueResponse:<stepValue:<stepValue:"Done butonuna t\304\261kla" parameterizedStepValue:"Done butonuna t\304\261kla" > > 
02-06-2021 22:38:47.881 [Gauge] [DEBUG] Api Request Received: messageType:GetStepValueRequest messageId:4 stepValueRequest:<stepText:"U\303\247u\305\237 sayfas\304\261n\304\261 kontrol et" > 
02-06-2021 22:38:47.882 [Gauge] [DEBUG] Sending API response: messageType:GetStepValueResponse messageId:4 stepValueResponse:<stepValue:<stepValue:"U\303\247u\305\237 sayfas\304\261n\304\261 kontrol et" parameterizedStepValue:"U\303\247u\305\237 sayfas\304\261n\304\261 kontrol et" > > 
02-06-2021 22:38:47.882 [Gauge] [DEBUG] Api Request Received: messageType:GetStepValueRequest messageId:4 stepValueRequest:<stepText:"Ekonomik U\303\247u\305\237u se\303\247" > 
02-06-2021 22:38:47.882 [Gauge] [DEBUG] Sending API response: messageType:GetStepValueResponse messageId:4 stepValueResponse:<stepValue:<stepValue:"Ekonomik U\303\247u\305\237u se\303\247" parameterizedStepValue:"Ekonomik U\303\247u\305\237u se\303\247" > > 
02-06-2021 22:38:47.882 [Gauge] [DEBUG] Api Request Received: messageType:GetStepValueRequest messageId:4 stepValueRequest:<stepText:"Gidi\305\237 Y\303\266n\303\274n\303\274 <key> olarak se\303\247" > 
02-06-2021 22:38:47.882 [Gauge] [DEBUG] Sending API response: messageType:GetStepValueResponse messageId:4 stepValueResponse:<stepValue:<stepValue:"Gidi\305\237 Y\303\266n\303\274n\303\274 {} olarak se\303\247" parameterizedStepValue:"Gidi\305\237 Y\303\266n\303\274n\303\274 <key> olarak se\303\247" parameters:"key" > > 
02-06-2021 22:38:47.884 [Gauge] [DEBUG] Api Request Received: messageType:GetStepValueRequest messageId:4 stepValueRequest:<stepText:"Cookies Accept Butonuna t\304\261kla" > 
02-06-2021 22:38:47.884 [Gauge] [DEBUG] Sending API response: messageType:GetStepValueResponse messageId:4 stepValueResponse:<stepValue:<stepValue:"Cookies Accept Butonuna t\304\261kla" parameterizedStepValue:"Cookies Accept Butonuna t\304\261kla" > > 
02-06-2021 22:38:47.885 [Gauge] [DEBUG] Api Request Received: messageType:GetStepValueRequest messageId:4 stepValueRequest:<stepText:"Var\304\261\305\237 yerini <key> olarak se\303\247" > 
02-06-2021 22:38:47.885 [Gauge] [DEBUG] Sending API response: messageType:GetStepValueResponse messageId:4 stepValueResponse:<stepValue:<stepValue:"Var\304\261\305\237 yerini {} olarak se\303\247" parameterizedStepValue:"Var\304\261\305\237 yerini <key> olarak se\303\247" parameters:"key" > > 
02-06-2021 22:38:47.885 [Gauge] [DEBUG] Api Request Received: messageType:GetStepValueRequest messageId:4 stepValueRequest:<stepText:"Ki\305\237i say\304\261s\304\261n\304\261 <key> art\304\261r" > 
02-06-2021 22:38:47.885 [Gauge] [DEBUG] Sending API response: messageType:GetStepValueResponse messageId:4 stepValueResponse:<stepValue:<stepValue:"Ki\305\237i say\304\261s\304\261n\304\261 {} art\304\261r" parameterizedStepValue:"Ki\305\237i say\304\261s\304\261n\304\261 <key> art\304\261r" parameters:"key" > > 
02-06-2021 22:38:47.886 [Gauge] [DEBUG] Api Request Received: messageType:GetStepValueRequest messageId:4 stepValueRequest:<stepText:"<seconds> saniye bekle" > 
02-06-2021 22:38:47.886 [Gauge] [DEBUG] Sending API response: messageType:GetStepValueResponse messageId:4 stepValueResponse:<stepValue:<stepValue:"{} saniye bekle" parameterizedStepValue:"<seconds> saniye bekle" parameters:"seconds" > > 
02-06-2021 22:38:47.886 [Gauge] [DEBUG] Api Request Received: messageType:GetStepValueRequest messageId:4 stepValueRequest:<stepText:"Gidi\305\237 Y\303\266n\303\274n\303\274 se\303\247" > 
02-06-2021 22:38:47.886 [Gauge] [DEBUG] Sending API response: messageType:GetStepValueResponse messageId:4 stepValueResponse:<stepValue:<stepValue:"Gidi\305\237 Y\303\266n\303\274n\303\274 se\303\247" parameterizedStepValue:"Gidi\305\237 Y\303\266n\303\274n\303\274 se\303\247" > > 
02-06-2021 22:38:47.886 [Gauge] [DEBUG] Api Request Received: messageType:GetStepValueRequest messageId:4 stepValueRequest:<stepText:"U\303\247u\305\237 ara" > 
02-06-2021 22:38:47.886 [Gauge] [DEBUG] Sending API response: messageType:GetStepValueResponse messageId:4 stepValueResponse:<stepValue:<stepValue:"U\303\247u\305\237 ara" parameterizedStepValue:"U\303\247u\305\237 ara" > > 
02-06-2021 22:38:47.928 [Gauge] [DEBUG] Validation completed.
02-06-2021 22:38:47.929 [Gauge] [DEBUG] Run started
02-06-2021 22:38:47.931 [Gauge] [DEBUG] Starting Html Report plugin
02-06-2021 22:38:47.960 [Gauge] [DEBUG] Attempting to connect to grpc server at port: 57750
02-06-2021 22:38:47.963 [Gauge] [DEBUG] Successfully made the connection with plugin with port: 57750
02-06-2021 22:38:47.963 [Gauge] [DEBUG] Initialising suite data store.
02-06-2021 22:39:06.376 [html-report] [DEBUG] Transformed SuiteResult to report structure
02-06-2021 22:39:06.438 [html-report] [INFO] Successfully generated html-report to => C:\Users\testinium\IdeaProjects\AppiumOdev\reports\html-report\index.html
02-06-2021 22:39:06.438 [html-report] [DEBUG] Done generating HTML report using theme from C:\Users\testinium\AppData\Roaming\gauge\plugins\html-report\4.0.9\themes\default
02-06-2021 22:39:06.439 [Gauge] [DEBUG] Sending kill message to Html Report plugin.
02-06-2021 22:39:06.441 [Gauge] [DEBUG] Sending kill message to runner.
02-06-2021 22:39:06.647 [Gauge] [INFO] Closing connection [127.0.0.1:63625] cause: read tcp 127.0.0.1:56746->127.0.0.1:63625: wsarecv: An existing connection was forcibly closed by the remote host.
02-06-2021 22:39:06.842 [Gauge] [DEBUG] Runner with PID:14472 has exited
02-06-2021 22:39:06.843 [Gauge] [INFO] Specifications:	1 executed	0 passed	1 failed	0 skipped
02-06-2021 22:39:06.843 [Gauge] [INFO] Scenarios:	1 executed	0 passed	1 failed	0 skipped
02-06-2021 22:39:06.843 [Gauge] [INFO] 
Total time taken: 18.439s
02-06-2021 22:39:06.848 [Gauge] [INFO] Updates are available. Run `gauge update -c` for more info.
